::1 - - [06/Aug/2019:19:49:47 +0000] "GET / HTTP/1.1" 200 6348
::1 - - [06/Aug/2019:19:49:51 +0000] "GET /login HTTP/1.1" 200 4011
::1 - - [06/Aug/2019:19:49:54 +0000] "POST /login HTTP/1.1" 302 46
::1 - - [06/Aug/2019:19:49:54 +0000] "GET / HTTP/1.1" 200 6831
::1 - - [06/Aug/2019:19:50:43 +0000] "GET / HTTP/1.1" 200 6348
::1 - - [06/Aug/2019:19:51:02 +0000] "GET / HTTP/1.1" 304 -
::1 - - [06/Aug/2019:19:51:03 +0000] "GET / HTTP/1.1" 304 -
::1 - - [06/Aug/2019:19:51:04 +0000] "GET / HTTP/1.1" 304 -
::1 - - [06/Aug/2019:19:51:04 +0000] "GET / HTTP/1.1" 304 -
::1 - - [06/Aug/2019:19:51:04 +0000] "GET / HTTP/1.1" 304 -
::1 - - [06/Aug/2019:19:51:05 +0000] "GET / HTTP/1.1" 304 -
::1 - - [06/Aug/2019:19:51:30 +0000] "GET / HTTP/1.1" 304 -
::1 - - [06/Aug/2019:19:52:11 +0000] "GET / HTTP/1.1" 304 -
::1 - - [06/Aug/2019:19:52:12 +0000] "GET / HTTP/1.1" 304 -
::1 - - [06/Aug/2019:19:52:13 +0000] "GET /login HTTP/1.1" 200 4011
::1 - - [06/Aug/2019:19:52:16 +0000] "POST /login HTTP/1.1" 302 46
::1 - - [06/Aug/2019:19:52:16 +0000] "GET / HTTP/1.1" 200 6831
::1 - - [06/Aug/2019:20:00:54 +0000] "GET / HTTP/1.1" 304 -
::1 - - [06/Aug/2019:20:00:57 +0000] "GET /login HTTP/1.1" 200 4011
::1 - - [06/Aug/2019:20:01:06 +0000] "POST /login HTTP/1.1" 302 46
::1 - - [06/Aug/2019:20:01:06 +0000] "GET / HTTP/1.1" 200 6831
[0mGET / [32m200 [0m18.453 ms - 6348[0m
[0mGET /login [32m200 [0m2.280 ms - 4011[0m
[0mPOST /login [36m302 [0m5.263 ms - 46[0m
[0mGET / [32m200 [0m2.627 ms - 6831[0m
::1 - - [06/Aug/2019:20:02:20 +0000] "GET / HTTP/1.1" 200 6348 "http://localhost:5000/login" "Mozilla/5.0 (Macintosh; Intel Mac OS X 10_14_5) AppleWebKit/537.36 (KHTML, like Gecko) Chrome/75.0.3770.142 Safari/537.36"
::1 - - [06/Aug/2019:20:02:22 +0000] "GET / HTTP/1.1" 304 - "http://localhost:5000/login" "Mozilla/5.0 (Macintosh; Intel Mac OS X 10_14_5) AppleWebKit/537.36 (KHTML, like Gecko) Chrome/75.0.3770.142 Safari/537.36"
::1 - - [06/Aug/2019:20:09:18 +0000] "GET / HTTP/1.1" 304 - "-" "Mozilla/5.0 (Macintosh; Intel Mac OS X 10_14_5) AppleWebKit/537.36 (KHTML, like Gecko) Chrome/75.0.3770.142 Safari/537.36"
::1 - - [06/Aug/2019:20:09:23 +0000] "GET / HTTP/1.1" 304 - "http://localhost:5000/" "Mozilla/5.0 (Macintosh; Intel Mac OS X 10_14_5) AppleWebKit/537.36 (KHTML, like Gecko) Chrome/75.0.3770.142 Safari/537.36"
::1 - - [06/Aug/2019:20:09:24 +0000] "GET /login HTTP/1.1" 200 4011 "http://localhost:5000/" "Mozilla/5.0 (Macintosh; Intel Mac OS X 10_14_5) AppleWebKit/537.36 (KHTML, like Gecko) Chrome/75.0.3770.142 Safari/537.36"
::1 - - [06/Aug/2019:20:10:27 +0000] "POST /login HTTP/1.1" 302 46 "http://localhost:5000/login" "Mozilla/5.0 (Macintosh; Intel Mac OS X 10_14_5) AppleWebKit/537.36 (KHTML, like Gecko) Chrome/75.0.3770.142 Safari/537.36"
::1 - - [06/Aug/2019:20:10:27 +0000] "GET / HTTP/1.1" 200 6831 "http://localhost:5000/login" "Mozilla/5.0 (Macintosh; Intel Mac OS X 10_14_5) AppleWebKit/537.36 (KHTML, like Gecko) Chrome/75.0.3770.142 Safari/537.36"
::1 - - [06/Aug/2019:20:11:14 +0000] "GET / HTTP/1.1" 304 - "http://localhost:5000/" "Mozilla/5.0 (Macintosh; Intel Mac OS X 10_14_5) AppleWebKit/537.36 (KHTML, like Gecko) Chrome/75.0.3770.142 Safari/537.36"
::1 - - [06/Aug/2019:20:11:16 +0000] "GET / HTTP/1.1" 304 - "http://localhost:5000/" "Mozilla/5.0 (Macintosh; Intel Mac OS X 10_14_5) AppleWebKit/537.36 (KHTML, like Gecko) Chrome/75.0.3770.142 Safari/537.36"
::1 - - [06/Aug/2019:20:11:16 +0000] "GET / HTTP/1.1" 304 - "http://localhost:5000/" "Mozilla/5.0 (Macintosh; Intel Mac OS X 10_14_5) AppleWebKit/537.36 (KHTML, like Gecko) Chrome/75.0.3770.142 Safari/537.36"
::1 - - [06/Aug/2019:20:11:17 +0000] "GET / HTTP/1.1" 304 - "http://localhost:5000/" "Mozilla/5.0 (Macintosh; Intel Mac OS X 10_14_5) AppleWebKit/537.36 (KHTML, like Gecko) Chrome/75.0.3770.142 Safari/537.36"
::1 - - [06/Aug/2019:20:11:17 +0000] "GET / HTTP/1.1" 304 - "http://localhost:5000/" "Mozilla/5.0 (Macintosh; Intel Mac OS X 10_14_5) AppleWebKit/537.36 (KHTML, like Gecko) Chrome/75.0.3770.142 Safari/537.36"
::1 - - [06/Aug/2019:20:11:18 +0000] "GET / HTTP/1.1" 304 - "http://localhost:5000/" "Mozilla/5.0 (Macintosh; Intel Mac OS X 10_14_5) AppleWebKit/537.36 (KHTML, like Gecko) Chrome/75.0.3770.142 Safari/537.36"
::1 - - [06/Aug/2019:20:11:18 +0000] "GET / HTTP/1.1" 304 - "http://localhost:5000/" "Mozilla/5.0 (Macintosh; Intel Mac OS X 10_14_5) AppleWebKit/537.36 (KHTML, like Gecko) Chrome/75.0.3770.142 Safari/537.36"
::1 - - [06/Aug/2019:20:17:51 +0000] "GET / HTTP/1.1" 304 - "http://localhost:5000/" "Mozilla/5.0 (Macintosh; Intel Mac OS X 10_14_5) AppleWebKit/537.36 (KHTML, like Gecko) Chrome/75.0.3770.142 Safari/537.36"
::1 - - [06/Aug/2019:20:17:51 +0000] "GET / HTTP/1.1" 304 - "http://localhost:5000/" "Mozilla/5.0 (Macintosh; Intel Mac OS X 10_14_5) AppleWebKit/537.36 (KHTML, like Gecko) Chrome/75.0.3770.142 Safari/537.36"
::1 - - [06/Aug/2019:20:17:51 +0000] "GET / HTTP/1.1" 304 - "http://localhost:5000/" "Mozilla/5.0 (Macintosh; Intel Mac OS X 10_14_5) AppleWebKit/537.36 (KHTML, like Gecko) Chrome/75.0.3770.142 Safari/537.36"
::1 - - [06/Aug/2019:20:17:52 +0000] "GET / HTTP/1.1" 304 - "http://localhost:5000/" "Mozilla/5.0 (Macintosh; Intel Mac OS X 10_14_5) AppleWebKit/537.36 (KHTML, like Gecko) Chrome/75.0.3770.142 Safari/537.36"
::1 - - [06/Aug/2019:20:17:52 +0000] "GET / HTTP/1.1" 304 - "http://localhost:5000/" "Mozilla/5.0 (Macintosh; Intel Mac OS X 10_14_5) AppleWebKit/537.36 (KHTML, like Gecko) Chrome/75.0.3770.142 Safari/537.36"
::1 - - [06/Aug/2019:20:17:52 +0000] "GET / HTTP/1.1" 304 - "http://localhost:5000/" "Mozilla/5.0 (Macintosh; Intel Mac OS X 10_14_5) AppleWebKit/537.36 (KHTML, like Gecko) Chrome/75.0.3770.142 Safari/537.36"
::1 - - [06/Aug/2019:20:17:52 +0000] "GET / HTTP/1.1" 304 - "http://localhost:5000/" "Mozilla/5.0 (Macintosh; Intel Mac OS X 10_14_5) AppleWebKit/537.36 (KHTML, like Gecko) Chrome/75.0.3770.142 Safari/537.36"
::1 - - [06/Aug/2019:20:17:52 +0000] "GET / HTTP/1.1" 304 - "http://localhost:5000/" "Mozilla/5.0 (Macintosh; Intel Mac OS X 10_14_5) AppleWebKit/537.36 (KHTML, like Gecko) Chrome/75.0.3770.142 Safari/537.36"
::1 - - [06/Aug/2019:21:16:09 +0000] "GET / HTTP/1.1" 304 - "-" "Mozilla/5.0 (Macintosh; Intel Mac OS X 10_14_5) AppleWebKit/537.36 (KHTML, like Gecko) Chrome/75.0.3770.142 Safari/537.36"
::1 - - [06/Aug/2019:21:18:59 +0000] "GET / HTTP/1.1" 304 - "http://localhost:5000/" "Mozilla/5.0 (Macintosh; Intel Mac OS X 10_14_5) AppleWebKit/537.36 (KHTML, like Gecko) Chrome/75.0.3770.142 Safari/537.36"
::1 - - [06/Aug/2019:21:19:28 +0000] "GET / HTTP/1.1" 304 - "http://localhost:5000/" "Mozilla/5.0 (Macintosh; Intel Mac OS X 10_14_5) AppleWebKit/537.36 (KHTML, like Gecko) Chrome/75.0.3770.142 Safari/537.36"
::1 - - [06/Aug/2019:21:19:29 +0000] "GET /logout HTTP/1.1" 302 46 "http://localhost:5000/" "Mozilla/5.0 (Macintosh; Intel Mac OS X 10_14_5) AppleWebKit/537.36 (KHTML, like Gecko) Chrome/75.0.3770.142 Safari/537.36"
::1 - - [06/Aug/2019:21:19:29 +0000] "GET / HTTP/1.1" 200 6348 "http://localhost:5000/" "Mozilla/5.0 (Macintosh; Intel Mac OS X 10_14_5) AppleWebKit/537.36 (KHTML, like Gecko) Chrome/75.0.3770.142 Safari/537.36"
::1 - - [06/Aug/2019:21:19:30 +0000] "GET /login HTTP/1.1" 200 4011 "http://localhost:5000/" "Mozilla/5.0 (Macintosh; Intel Mac OS X 10_14_5) AppleWebKit/537.36 (KHTML, like Gecko) Chrome/75.0.3770.142 Safari/537.36"
::1 - - [06/Aug/2019:21:19:31 +0000] "POST /login HTTP/1.1" 302 46 "http://localhost:5000/login" "Mozilla/5.0 (Macintosh; Intel Mac OS X 10_14_5) AppleWebKit/537.36 (KHTML, like Gecko) Chrome/75.0.3770.142 Safari/537.36"
::1 - - [06/Aug/2019:21:19:31 +0000] "GET / HTTP/1.1" 200 6831 "http://localhost:5000/login" "Mozilla/5.0 (Macintosh; Intel Mac OS X 10_14_5) AppleWebKit/537.36 (KHTML, like Gecko) Chrome/75.0.3770.142 Safari/537.36"
::1 - - [06/Aug/2019:21:20:00 +0000] "GET / HTTP/1.1" 200 6348 "-" "Mozilla/5.0 (Macintosh; Intel Mac OS X 10_14_5) AppleWebKit/537.36 (KHTML, like Gecko) Chrome/75.0.3770.142 Safari/537.36"
::1 - - [06/Aug/2019:21:20:04 +0000] "GET /login HTTP/1.1" 200 4011 "http://localhost:5000/" "Mozilla/5.0 (Macintosh; Intel Mac OS X 10_14_5) AppleWebKit/537.36 (KHTML, like Gecko) Chrome/75.0.3770.142 Safari/537.36"
::1 - - [06/Aug/2019:21:29:09 +0000] "GET / HTTP/1.1" 304 - "-" "Mozilla/5.0 (Macintosh; Intel Mac OS X 10_14_5) AppleWebKit/537.36 (KHTML, like Gecko) Chrome/75.0.3770.142 Safari/537.36"
::1 - - [06/Aug/2019:21:29:13 +0000] "GET /login HTTP/1.1" 304 - "http://localhost:5000/" "Mozilla/5.0 (Macintosh; Intel Mac OS X 10_14_5) AppleWebKit/537.36 (KHTML, like Gecko) Chrome/75.0.3770.142 Safari/537.36"
::1 - - [06/Aug/2019:21:30:32 +0000] "GET /login HTTP/1.1" 304 - "-" "Mozilla/5.0 (Macintosh; Intel Mac OS X 10_14_5) AppleWebKit/537.36 (KHTML, like Gecko) Chrome/75.0.3770.142 Safari/537.36"
::1 - - [06/Aug/2019:21:31:10 +0000] "GET /login HTTP/1.1" 304 - "-" "Mozilla/5.0 (Macintosh; Intel Mac OS X 10_14_5) AppleWebKit/537.36 (KHTML, like Gecko) Chrome/75.0.3770.142 Safari/537.36"
::1 - - [06/Aug/2019:21:31:43 +0000] "GET /login HTTP/1.1" 304 - "-" "Mozilla/5.0 (Macintosh; Intel Mac OS X 10_14_5) AppleWebKit/537.36 (KHTML, like Gecko) Chrome/75.0.3770.142 Safari/537.36"
::1 - - [06/Aug/2019:21:33:03 +0000] "GET /login HTTP/1.1" 304 - "-" "Mozilla/5.0 (Macintosh; Intel Mac OS X 10_14_5) AppleWebKit/537.36 (KHTML, like Gecko) Chrome/75.0.3770.142 Safari/537.36"
::1 - - [06/Aug/2019:21:33:05 +0000] "POST /login HTTP/1.1" - - "http://localhost:5000/login" "Mozilla/5.0 (Macintosh; Intel Mac OS X 10_14_5) AppleWebKit/537.36 (KHTML, like Gecko) Chrome/75.0.3770.142 Safari/537.36"
::1 - - [06/Aug/2019:21:33:08 +0000] "POST /login HTTP/1.1" - - "http://localhost:5000/login" "Mozilla/5.0 (Macintosh; Intel Mac OS X 10_14_5) AppleWebKit/537.36 (KHTML, like Gecko) Chrome/75.0.3770.142 Safari/537.36"
::1 - - [06/Aug/2019:21:33:21 +0000] "POST /login HTTP/1.1" - - "http://localhost:5000/login" "Mozilla/5.0 (Macintosh; Intel Mac OS X 10_14_5) AppleWebKit/537.36 (KHTML, like Gecko) Chrome/75.0.3770.142 Safari/537.36"
::1 - - [06/Aug/2019:21:33:45 +0000] "GET /login HTTP/1.1" 304 - "-" "Mozilla/5.0 (Macintosh; Intel Mac OS X 10_14_5) AppleWebKit/537.36 (KHTML, like Gecko) Chrome/75.0.3770.142 Safari/537.36"
::1 - - [06/Aug/2019:21:33:46 +0000] "POST /login HTTP/1.1" 302 46 "http://localhost:5000/login" "Mozilla/5.0 (Macintosh; Intel Mac OS X 10_14_5) AppleWebKit/537.36 (KHTML, like Gecko) Chrome/75.0.3770.142 Safari/537.36"
::1 - - [06/Aug/2019:21:33:46 +0000] "GET / HTTP/1.1" 200 6831 "http://localhost:5000/login" "Mozilla/5.0 (Macintosh; Intel Mac OS X 10_14_5) AppleWebKit/537.36 (KHTML, like Gecko) Chrome/75.0.3770.142 Safari/537.36"
::1 - - [06/Aug/2019:21:33:48 +0000] "GET /admin/teams/all HTTP/1.1" 200 26247 "http://localhost:5000/" "Mozilla/5.0 (Macintosh; Intel Mac OS X 10_14_5) AppleWebKit/537.36 (KHTML, like Gecko) Chrome/75.0.3770.142 Safari/537.36"
::1 - - [09/Aug/2019:01:35:36 +0000] "GET / HTTP/1.1" 200 6348 "-" "Mozilla/5.0 (Macintosh; Intel Mac OS X 10_14_5) AppleWebKit/537.36 (KHTML, like Gecko) Chrome/75.0.3770.142 Safari/537.36"
::1 - - [09/Aug/2019:01:35:37 +0000] "GET /favicon.ico HTTP/1.1" 404 150 "http://localhost:5000/" "Mozilla/5.0 (Macintosh; Intel Mac OS X 10_14_5) AppleWebKit/537.36 (KHTML, like Gecko) Chrome/75.0.3770.142 Safari/537.36"
::1 - - [09/Aug/2019:01:35:40 +0000] "GET /login HTTP/1.1" 200 4011 "http://localhost:5000/" "Mozilla/5.0 (Macintosh; Intel Mac OS X 10_14_5) AppleWebKit/537.36 (KHTML, like Gecko) Chrome/75.0.3770.142 Safari/537.36"
::1 - - [09/Aug/2019:01:35:43 +0000] "POST /login HTTP/1.1" 200 4161 "http://localhost:5000/login" "Mozilla/5.0 (Macintosh; Intel Mac OS X 10_14_5) AppleWebKit/537.36 (KHTML, like Gecko) Chrome/75.0.3770.142 Safari/537.36"
::1 - - [09/Aug/2019:01:35:47 +0000] "POST /login HTTP/1.1" 200 4161 "http://localhost:5000/login" "Mozilla/5.0 (Macintosh; Intel Mac OS X 10_14_5) AppleWebKit/537.36 (KHTML, like Gecko) Chrome/75.0.3770.142 Safari/537.36"
::1 - - [09/Aug/2019:01:35:51 +0000] "POST /login HTTP/1.1" 200 4161 "http://localhost:5000/login" "Mozilla/5.0 (Macintosh; Intel Mac OS X 10_14_5) AppleWebKit/537.36 (KHTML, like Gecko) Chrome/75.0.3770.142 Safari/537.36"
::1 - - [09/Aug/2019:01:35:53 +0000] "GET /signup HTTP/1.1" 200 4484 "http://localhost:5000/login" "Mozilla/5.0 (Macintosh; Intel Mac OS X 10_14_5) AppleWebKit/537.36 (KHTML, like Gecko) Chrome/75.0.3770.142 Safari/537.36"
::1 - - [09/Aug/2019:01:35:57 +0000] "POST /signup HTTP/1.1" 200 4634 "http://localhost:5000/signup" "Mozilla/5.0 (Macintosh; Intel Mac OS X 10_14_5) AppleWebKit/537.36 (KHTML, like Gecko) Chrome/75.0.3770.142 Safari/537.36"
::1 - - [09/Aug/2019:01:36:58 +0000] "GET /login HTTP/1.1" 200 4011 "http://localhost:5000/signup" "Mozilla/5.0 (Macintosh; Intel Mac OS X 10_14_5) AppleWebKit/537.36 (KHTML, like Gecko) Chrome/75.0.3770.142 Safari/537.36"
::1 - - [09/Aug/2019:01:37:01 +0000] "POST /login HTTP/1.1" 302 46 "http://localhost:5000/login" "Mozilla/5.0 (Macintosh; Intel Mac OS X 10_14_5) AppleWebKit/537.36 (KHTML, like Gecko) Chrome/75.0.3770.142 Safari/537.36"
::1 - - [09/Aug/2019:01:37:01 +0000] "GET / HTTP/1.1" 200 6376 "http://localhost:5000/login" "Mozilla/5.0 (Macintosh; Intel Mac OS X 10_14_5) AppleWebKit/537.36 (KHTML, like Gecko) Chrome/75.0.3770.142 Safari/537.36"
::1 - - [09/Aug/2019:01:41:49 +0000] "GET / HTTP/1.1" 200 6348 "http://localhost:5000/login" "Mozilla/5.0 (Macintosh; Intel Mac OS X 10_14_5) AppleWebKit/537.36 (KHTML, like Gecko) Chrome/75.0.3770.142 Safari/537.36"
::1 - - [09/Aug/2019:01:41:55 +0000] "GET /login HTTP/1.1" 200 4011 "http://localhost:5000/" "Mozilla/5.0 (Macintosh; Intel Mac OS X 10_14_5) AppleWebKit/537.36 (KHTML, like Gecko) Chrome/75.0.3770.142 Safari/537.36"
::1 - - [09/Aug/2019:01:41:56 +0000] "POST /login HTTP/1.1" 302 46 "http://localhost:5000/login" "Mozilla/5.0 (Macintosh; Intel Mac OS X 10_14_5) AppleWebKit/537.36 (KHTML, like Gecko) Chrome/75.0.3770.142 Safari/537.36"
::1 - - [09/Aug/2019:01:41:56 +0000] "GET / HTTP/1.1" 200 6376 "http://localhost:5000/login" "Mozilla/5.0 (Macintosh; Intel Mac OS X 10_14_5) AppleWebKit/537.36 (KHTML, like Gecko) Chrome/75.0.3770.142 Safari/537.36"
::1 - - [09/Aug/2019:01:43:29 +0000] "GET / HTTP/1.1" 200 6348 "http://localhost:5000/login" "Mozilla/5.0 (Macintosh; Intel Mac OS X 10_14_5) AppleWebKit/537.36 (KHTML, like Gecko) Chrome/75.0.3770.142 Safari/537.36"
::1 - - [09/Aug/2019:01:43:57 +0000] "GET / HTTP/1.1" 200 6321 "http://localhost:5000/login" "Mozilla/5.0 (Macintosh; Intel Mac OS X 10_14_5) AppleWebKit/537.36 (KHTML, like Gecko) Chrome/75.0.3770.142 Safari/537.36"
::1 - - [09/Aug/2019:01:59:33 +0000] "GET /login HTTP/1.1" 200 3984 "http://localhost:5000/" "Mozilla/5.0 (Macintosh; Intel Mac OS X 10_14_5) AppleWebKit/537.36 (KHTML, like Gecko) Chrome/75.0.3770.142 Safari/537.36"
::1 - - [09/Aug/2019:02:00:12 +0000] "GET /login HTTP/1.1" 304 - "-" "Mozilla/5.0 (Macintosh; Intel Mac OS X 10_14_5) AppleWebKit/537.36 (KHTML, like Gecko) Chrome/75.0.3770.142 Safari/537.36"
::1 - - [09/Aug/2019:02:01:39 +0000] "GET /login HTTP/1.1" 304 - "-" "Mozilla/5.0 (Macintosh; Intel Mac OS X 10_14_5) AppleWebKit/537.36 (KHTML, like Gecko) Chrome/75.0.3770.142 Safari/537.36"
::1 - - [09/Aug/2019:02:02:31 +0000] "GET /login HTTP/1.1" 304 - "-" "Mozilla/5.0 (Macintosh; Intel Mac OS X 10_14_5) AppleWebKit/537.36 (KHTML, like Gecko) Chrome/75.0.3770.142 Safari/537.36"
::1 - - [09/Aug/2019:02:02:50 +0000] "GET /login HTTP/1.1" 304 - "-" "Mozilla/5.0 (Macintosh; Intel Mac OS X 10_14_5) AppleWebKit/537.36 (KHTML, like Gecko) Chrome/75.0.3770.142 Safari/537.36"
::1 - - [09/Aug/2019:02:02:51 +0000] "POST /login HTTP/1.1" 302 46 "http://localhost:5000/login" "Mozilla/5.0 (Macintosh; Intel Mac OS X 10_14_5) AppleWebKit/537.36 (KHTML, like Gecko) Chrome/75.0.3770.142 Safari/537.36"
::1 - - [09/Aug/2019:02:02:51 +0000] "GET / HTTP/1.1" 200 6349 "http://localhost:5000/login" "Mozilla/5.0 (Macintosh; Intel Mac OS X 10_14_5) AppleWebKit/537.36 (KHTML, like Gecko) Chrome/75.0.3770.142 Safari/537.36"
::1 - - [09/Aug/2019:02:03:32 +0000] "GET / HTTP/1.1" 200 6321 "http://localhost:5000/login" "Mozilla/5.0 (Macintosh; Intel Mac OS X 10_14_5) AppleWebKit/537.36 (KHTML, like Gecko) Chrome/75.0.3770.142 Safari/537.36"
::1 - - [09/Aug/2019:02:03:34 +0000] "GET /login HTTP/1.1" 200 3984 "http://localhost:5000/" "Mozilla/5.0 (Macintosh; Intel Mac OS X 10_14_5) AppleWebKit/537.36 (KHTML, like Gecko) Chrome/75.0.3770.142 Safari/537.36"
::1 - - [09/Aug/2019:02:03:36 +0000] "POST /login HTTP/1.1" 302 46 "http://localhost:5000/login" "Mozilla/5.0 (Macintosh; Intel Mac OS X 10_14_5) AppleWebKit/537.36 (KHTML, like Gecko) Chrome/75.0.3770.142 Safari/537.36"
::1 - - [09/Aug/2019:02:03:36 +0000] "GET / HTTP/1.1" 200 6349 "http://localhost:5000/login" "Mozilla/5.0 (Macintosh; Intel Mac OS X 10_14_5) AppleWebKit/537.36 (KHTML, like Gecko) Chrome/75.0.3770.142 Safari/537.36"
::1 - - [09/Aug/2019:02:04:02 +0000] "GET / HTTP/1.1" 200 6321 "http://localhost:5000/login" "Mozilla/5.0 (Macintosh; Intel Mac OS X 10_14_5) AppleWebKit/537.36 (KHTML, like Gecko) Chrome/75.0.3770.142 Safari/537.36"
::1 - - [09/Aug/2019:02:04:04 +0000] "GET /signup HTTP/1.1" 200 4457 "http://localhost:5000/" "Mozilla/5.0 (Macintosh; Intel Mac OS X 10_14_5) AppleWebKit/537.36 (KHTML, like Gecko) Chrome/75.0.3770.142 Safari/537.36"
::1 - - [09/Aug/2019:02:04:05 +0000] "GET /login HTTP/1.1" 200 3984 "http://localhost:5000/signup" "Mozilla/5.0 (Macintosh; Intel Mac OS X 10_14_5) AppleWebKit/537.36 (KHTML, like Gecko) Chrome/75.0.3770.142 Safari/537.36"
::1 - - [09/Aug/2019:02:04:06 +0000] "POST /login HTTP/1.1" 302 46 "http://localhost:5000/login" "Mozilla/5.0 (Macintosh; Intel Mac OS X 10_14_5) AppleWebKit/537.36 (KHTML, like Gecko) Chrome/75.0.3770.142 Safari/537.36"
::1 - - [09/Aug/2019:02:04:06 +0000] "GET / HTTP/1.1" 200 6349 "http://localhost:5000/login" "Mozilla/5.0 (Macintosh; Intel Mac OS X 10_14_5) AppleWebKit/537.36 (KHTML, like Gecko) Chrome/75.0.3770.142 Safari/537.36"
::1 - - [09/Aug/2019:02:04:15 +0000] "GET /logout HTTP/1.1" 302 46 "http://localhost:5000/" "Mozilla/5.0 (Macintosh; Intel Mac OS X 10_14_5) AppleWebKit/537.36 (KHTML, like Gecko) Chrome/75.0.3770.142 Safari/537.36"
::1 - - [09/Aug/2019:02:04:15 +0000] "GET / HTTP/1.1" 200 6321 "http://localhost:5000/" "Mozilla/5.0 (Macintosh; Intel Mac OS X 10_14_5) AppleWebKit/537.36 (KHTML, like Gecko) Chrome/75.0.3770.142 Safari/537.36"
::1 - - [09/Aug/2019:02:04:17 +0000] "GET /login HTTP/1.1" 200 3984 "http://localhost:5000/" "Mozilla/5.0 (Macintosh; Intel Mac OS X 10_14_5) AppleWebKit/537.36 (KHTML, like Gecko) Chrome/75.0.3770.142 Safari/537.36"
::1 - - [09/Aug/2019:02:04:20 +0000] "POST /login HTTP/1.1" 302 46 "http://localhost:5000/login" "Mozilla/5.0 (Macintosh; Intel Mac OS X 10_14_5) AppleWebKit/537.36 (KHTML, like Gecko) Chrome/75.0.3770.142 Safari/537.36"
::1 - - [09/Aug/2019:02:04:20 +0000] "GET / HTTP/1.1" 200 6804 "http://localhost:5000/login" "Mozilla/5.0 (Macintosh; Intel Mac OS X 10_14_5) AppleWebKit/537.36 (KHTML, like Gecko) Chrome/75.0.3770.142 Safari/537.36"
::1 - - [09/Aug/2019:02:05:33 +0000] "GET / HTTP/1.1" 500 2827 "http://localhost:5000/login" "Mozilla/5.0 (Macintosh; Intel Mac OS X 10_14_5) AppleWebKit/537.36 (KHTML, like Gecko) Chrome/75.0.3770.142 Safari/537.36"
::1 - - [09/Aug/2019:02:05:34 +0000] "GET / HTTP/1.1" 500 2827 "http://localhost:5000/login" "Mozilla/5.0 (Macintosh; Intel Mac OS X 10_14_5) AppleWebKit/537.36 (KHTML, like Gecko) Chrome/75.0.3770.142 Safari/537.36"
::1 - - [09/Aug/2019:02:06:19 +0000] "GET / HTTP/1.1" 200 6337 "http://localhost:5000/login" "Mozilla/5.0 (Macintosh; Intel Mac OS X 10_14_5) AppleWebKit/537.36 (KHTML, like Gecko) Chrome/75.0.3770.142 Safari/537.36"
::1 - - [09/Aug/2019:02:06:21 +0000] "GET /login HTTP/1.1" 200 4000 "http://localhost:5000/" "Mozilla/5.0 (Macintosh; Intel Mac OS X 10_14_5) AppleWebKit/537.36 (KHTML, like Gecko) Chrome/75.0.3770.142 Safari/537.36"
::1 - - [09/Aug/2019:02:06:22 +0000] "POST /login HTTP/1.1" 302 46 "http://localhost:5000/login" "Mozilla/5.0 (Macintosh; Intel Mac OS X 10_14_5) AppleWebKit/537.36 (KHTML, like Gecko) Chrome/75.0.3770.142 Safari/537.36"
::1 - - [09/Aug/2019:02:06:22 +0000] "GET / HTTP/1.1" 200 6820 "http://localhost:5000/login" "Mozilla/5.0 (Macintosh; Intel Mac OS X 10_14_5) AppleWebKit/537.36 (KHTML, like Gecko) Chrome/75.0.3770.142 Safari/537.36"
::1 - - [09/Aug/2019:02:17:18 +0000] "GET / HTTP/1.1" 500 2633 "http://localhost:5000/login" "Mozilla/5.0 (Macintosh; Intel Mac OS X 10_14_5) AppleWebKit/537.36 (KHTML, like Gecko) Chrome/75.0.3770.142 Safari/537.36"
::1 - - [09/Aug/2019:02:19:11 +0000] "GET / HTTP/1.1" 200 6830 "http://localhost:5000/login" "Mozilla/5.0 (Macintosh; Intel Mac OS X 10_14_5) AppleWebKit/537.36 (KHTML, like Gecko) Chrome/75.0.3770.142 Safari/537.36"
::1 - - [09/Aug/2019:02:19:22 +0000] "GET / HTTP/1.1" 200 6347 "http://localhost:5000/login" "Mozilla/5.0 (Macintosh; Intel Mac OS X 10_14_5) AppleWebKit/537.36 (KHTML, like Gecko) Chrome/75.0.3770.142 Safari/537.36"
::1 - - [09/Aug/2019:02:19:32 +0000] "GET / HTTP/1.1" 304 - "http://localhost:5000/login" "Mozilla/5.0 (Macintosh; Intel Mac OS X 10_14_5) AppleWebKit/537.36 (KHTML, like Gecko) Chrome/75.0.3770.142 Safari/537.36"
::1 - - [09/Aug/2019:02:19:33 +0000] "GET / HTTP/1.1" 304 - "http://localhost:5000/login" "Mozilla/5.0 (Macintosh; Intel Mac OS X 10_14_5) AppleWebKit/537.36 (KHTML, like Gecko) Chrome/75.0.3770.142 Safari/537.36"
::1 - - [09/Aug/2019:02:19:34 +0000] "GET / HTTP/1.1" 304 - "http://localhost:5000/login" "Mozilla/5.0 (Macintosh; Intel Mac OS X 10_14_5) AppleWebKit/537.36 (KHTML, like Gecko) Chrome/75.0.3770.142 Safari/537.36"
::1 - - [09/Aug/2019:02:19:34 +0000] "GET / HTTP/1.1" 304 - "http://localhost:5000/login" "Mozilla/5.0 (Macintosh; Intel Mac OS X 10_14_5) AppleWebKit/537.36 (KHTML, like Gecko) Chrome/75.0.3770.142 Safari/537.36"
::1 - - [09/Aug/2019:02:21:17 +0000] "GET / HTTP/1.1" 304 - "http://localhost:5000/login" "Mozilla/5.0 (Macintosh; Intel Mac OS X 10_14_5) AppleWebKit/537.36 (KHTML, like Gecko) Chrome/75.0.3770.142 Safari/537.36"
::1 - - [09/Aug/2019:02:21:18 +0000] "GET / HTTP/1.1" 304 - "http://localhost:5000/login" "Mozilla/5.0 (Macintosh; Intel Mac OS X 10_14_5) AppleWebKit/537.36 (KHTML, like Gecko) Chrome/75.0.3770.142 Safari/537.36"
::1 - - [09/Aug/2019:02:21:44 +0000] "GET / HTTP/1.1" 200 6351 "http://localhost:5000/login" "Mozilla/5.0 (Macintosh; Intel Mac OS X 10_14_5) AppleWebKit/537.36 (KHTML, like Gecko) Chrome/75.0.3770.142 Safari/537.36"
::1 - - [09/Aug/2019:02:21:49 +0000] "GET / HTTP/1.1" 200 6351 "http://localhost:5000/login" "Mozilla/5.0 (Macintosh; Intel Mac OS X 10_14_5) AppleWebKit/537.36 (KHTML, like Gecko) Chrome/75.0.3770.142 Safari/537.36"
::1 - - [09/Aug/2019:02:21:54 +0000] "GET /login HTTP/1.1" 200 4010 "http://localhost:5000/" "Mozilla/5.0 (Macintosh; Intel Mac OS X 10_14_5) AppleWebKit/537.36 (KHTML, like Gecko) Chrome/75.0.3770.142 Safari/537.36"
::1 - - [09/Aug/2019:02:21:56 +0000] "POST /login HTTP/1.1" 302 46 "http://localhost:5000/login" "Mozilla/5.0 (Macintosh; Intel Mac OS X 10_14_5) AppleWebKit/537.36 (KHTML, like Gecko) Chrome/75.0.3770.142 Safari/537.36"
::1 - - [09/Aug/2019:02:21:56 +0000] "GET / HTTP/1.1" 200 6845 "http://localhost:5000/login" "Mozilla/5.0 (Macintosh; Intel Mac OS X 10_14_5) AppleWebKit/537.36 (KHTML, like Gecko) Chrome/75.0.3770.142 Safari/537.36"
::1 - - [09/Aug/2019:02:22:28 +0000] "GET / HTTP/1.1" 200 6835 "http://localhost:5000/login" "Mozilla/5.0 (Macintosh; Intel Mac OS X 10_14_5) AppleWebKit/537.36 (KHTML, like Gecko) Chrome/75.0.3770.142 Safari/537.36"
::1 - - [09/Aug/2019:02:22:48 +0000] "GET / HTTP/1.1" 200 6840 "http://localhost:5000/login" "Mozilla/5.0 (Macintosh; Intel Mac OS X 10_14_5) AppleWebKit/537.36 (KHTML, like Gecko) Chrome/75.0.3770.142 Safari/537.36"
::1 - - [09/Aug/2019:02:22:49 +0000] "GET / HTTP/1.1" 304 - "http://localhost:5000/login" "Mozilla/5.0 (Macintosh; Intel Mac OS X 10_14_5) AppleWebKit/537.36 (KHTML, like Gecko) Chrome/75.0.3770.142 Safari/537.36"
::1 - - [09/Aug/2019:02:22:50 +0000] "GET / HTTP/1.1" 304 - "http://localhost:5000/login" "Mozilla/5.0 (Macintosh; Intel Mac OS X 10_14_5) AppleWebKit/537.36 (KHTML, like Gecko) Chrome/75.0.3770.142 Safari/537.36"
::1 - - [09/Aug/2019:02:22:52 +0000] "GET / HTTP/1.1" 304 - "http://localhost:5000/login" "Mozilla/5.0 (Macintosh; Intel Mac OS X 10_14_5) AppleWebKit/537.36 (KHTML, like Gecko) Chrome/75.0.3770.142 Safari/537.36"
::1 - - [09/Aug/2019:02:23:16 +0000] "GET / HTTP/1.1" 200 6352 "http://localhost:5000/login" "Mozilla/5.0 (Macintosh; Intel Mac OS X 10_14_5) AppleWebKit/537.36 (KHTML, like Gecko) Chrome/75.0.3770.142 Safari/537.36"
::1 - - [09/Aug/2019:02:23:17 +0000] "GET / HTTP/1.1" 304 - "http://localhost:5000/login" "Mozilla/5.0 (Macintosh; Intel Mac OS X 10_14_5) AppleWebKit/537.36 (KHTML, like Gecko) Chrome/75.0.3770.142 Safari/537.36"
::1 - - [09/Aug/2019:02:23:18 +0000] "GET /login HTTP/1.1" 500 2604 "http://localhost:5000/" "Mozilla/5.0 (Macintosh; Intel Mac OS X 10_14_5) AppleWebKit/537.36 (KHTML, like Gecko) Chrome/75.0.3770.142 Safari/537.36"
::1 - - [09/Aug/2019:02:23:46 +0000] "GET /login HTTP/1.1" 500 2675 "http://localhost:5000/" "Mozilla/5.0 (Macintosh; Intel Mac OS X 10_14_5) AppleWebKit/537.36 (KHTML, like Gecko) Chrome/75.0.3770.142 Safari/537.36"
::1 - - [09/Aug/2019:02:23:47 +0000] "GET /login HTTP/1.1" 500 2675 "http://localhost:5000/" "Mozilla/5.0 (Macintosh; Intel Mac OS X 10_14_5) AppleWebKit/537.36 (KHTML, like Gecko) Chrome/75.0.3770.142 Safari/537.36"
::1 - - [09/Aug/2019:02:24:04 +0000] "GET /login HTTP/1.1" 200 4005 "http://localhost:5000/" "Mozilla/5.0 (Macintosh; Intel Mac OS X 10_14_5) AppleWebKit/537.36 (KHTML, like Gecko) Chrome/75.0.3770.142 Safari/537.36"
::1 - - [09/Aug/2019:02:24:06 +0000] "POST /login HTTP/1.1" 302 46 "http://localhost:5000/login" "Mozilla/5.0 (Macintosh; Intel Mac OS X 10_14_5) AppleWebKit/537.36 (KHTML, like Gecko) Chrome/75.0.3770.142 Safari/537.36"
::1 - - [09/Aug/2019:02:24:06 +0000] "GET / HTTP/1.1" 200 6845 "http://localhost:5000/login" "Mozilla/5.0 (Macintosh; Intel Mac OS X 10_14_5) AppleWebKit/537.36 (KHTML, like Gecko) Chrome/75.0.3770.142 Safari/537.36"
::1 - - [09/Aug/2019:02:24:55 +0000] "GET / HTTP/1.1" 200 6357 "http://localhost:5000/login" "Mozilla/5.0 (Macintosh; Intel Mac OS X 10_14_5) AppleWebKit/537.36 (KHTML, like Gecko) Chrome/75.0.3770.142 Safari/537.36"
::1 - - [09/Aug/2019:02:24:57 +0000] "GET /login HTTP/1.1" 200 4005 "http://localhost:5000/" "Mozilla/5.0 (Macintosh; Intel Mac OS X 10_14_5) AppleWebKit/537.36 (KHTML, like Gecko) Chrome/75.0.3770.142 Safari/537.36"
::1 - - [09/Aug/2019:02:24:58 +0000] "POST /login HTTP/1.1" 302 46 "http://localhost:5000/login" "Mozilla/5.0 (Macintosh; Intel Mac OS X 10_14_5) AppleWebKit/537.36 (KHTML, like Gecko) Chrome/75.0.3770.142 Safari/537.36"
::1 - - [09/Aug/2019:02:24:58 +0000] "GET / HTTP/1.1" 200 6846 "http://localhost:5000/login" "Mozilla/5.0 (Macintosh; Intel Mac OS X 10_14_5) AppleWebKit/537.36 (KHTML, like Gecko) Chrome/75.0.3770.142 Safari/537.36"
::1 - - [09/Aug/2019:02:26:57 +0000] "GET / HTTP/1.1" 200 6362 "http://localhost:5000/login" "Mozilla/5.0 (Macintosh; Intel Mac OS X 10_14_5) AppleWebKit/537.36 (KHTML, like Gecko) Chrome/75.0.3770.142 Safari/537.36"
::1 - - [09/Aug/2019:02:26:59 +0000] "GET /login HTTP/1.1" 200 4005 "http://localhost:5000/" "Mozilla/5.0 (Macintosh; Intel Mac OS X 10_14_5) AppleWebKit/537.36 (KHTML, like Gecko) Chrome/75.0.3770.142 Safari/537.36"
::1 - - [09/Aug/2019:02:27:44 +0000] "GET /login HTTP/1.1" 304 - "-" "Mozilla/5.0 (Macintosh; Intel Mac OS X 10_14_5) AppleWebKit/537.36 (KHTML, like Gecko) Chrome/75.0.3770.142 Safari/537.36"
::1 - - [09/Aug/2019:02:27:45 +0000] "POST /login HTTP/1.1" 302 46 "http://localhost:5000/login" "Mozilla/5.0 (Macintosh; Intel Mac OS X 10_14_5) AppleWebKit/537.36 (KHTML, like Gecko) Chrome/75.0.3770.142 Safari/537.36"
::1 - - [09/Aug/2019:02:27:45 +0000] "GET / HTTP/1.1" 200 6851 "http://localhost:5000/login" "Mozilla/5.0 (Macintosh; Intel Mac OS X 10_14_5) AppleWebKit/537.36 (KHTML, like Gecko) Chrome/75.0.3770.142 Safari/537.36"
::1 - - [09/Aug/2019:02:28:11 +0000] "GET / HTTP/1.1" 200 6362 "http://localhost:5000/login" "Mozilla/5.0 (Macintosh; Intel Mac OS X 10_14_5) AppleWebKit/537.36 (KHTML, like Gecko) Chrome/75.0.3770.142 Safari/537.36"
::1 - - [09/Aug/2019:02:28:14 +0000] "GET /login HTTP/1.1" 200 4005 "http://localhost:5000/" "Mozilla/5.0 (Macintosh; Intel Mac OS X 10_14_5) AppleWebKit/537.36 (KHTML, like Gecko) Chrome/75.0.3770.142 Safari/537.36"
::1 - - [09/Aug/2019:02:28:14 +0000] "POST /login HTTP/1.1" 302 46 "http://localhost:5000/login" "Mozilla/5.0 (Macintosh; Intel Mac OS X 10_14_5) AppleWebKit/537.36 (KHTML, like Gecko) Chrome/75.0.3770.142 Safari/537.36"
::1 - - [09/Aug/2019:02:28:14 +0000] "GET / HTTP/1.1" 200 6858 "http://localhost:5000/login" "Mozilla/5.0 (Macintosh; Intel Mac OS X 10_14_5) AppleWebKit/537.36 (KHTML, like Gecko) Chrome/75.0.3770.142 Safari/537.36"
::1 - - [09/Aug/2019:02:28:56 +0000] "GET / HTTP/1.1" 304 - "http://localhost:5000/login" "Mozilla/5.0 (Macintosh; Intel Mac OS X 10_14_5) AppleWebKit/537.36 (KHTML, like Gecko) Chrome/75.0.3770.142 Safari/537.36"
::1 - - [09/Aug/2019:02:28:57 +0000] "GET /logout HTTP/1.1" 302 46 "http://localhost:5000/" "Mozilla/5.0 (Macintosh; Intel Mac OS X 10_14_5) AppleWebKit/537.36 (KHTML, like Gecko) Chrome/75.0.3770.142 Safari/537.36"
::1 - - [09/Aug/2019:02:28:57 +0000] "GET / HTTP/1.1" 200 6362 "http://localhost:5000/" "Mozilla/5.0 (Macintosh; Intel Mac OS X 10_14_5) AppleWebKit/537.36 (KHTML, like Gecko) Chrome/75.0.3770.142 Safari/537.36"
::1 - - [09/Aug/2019:02:28:59 +0000] "GET /login HTTP/1.1" 200 4005 "http://localhost:5000/" "Mozilla/5.0 (Macintosh; Intel Mac OS X 10_14_5) AppleWebKit/537.36 (KHTML, like Gecko) Chrome/75.0.3770.142 Safari/537.36"
::1 - - [09/Aug/2019:02:29:00 +0000] "POST /login HTTP/1.1" 302 46 "http://localhost:5000/login" "Mozilla/5.0 (Macintosh; Intel Mac OS X 10_14_5) AppleWebKit/537.36 (KHTML, like Gecko) Chrome/75.0.3770.142 Safari/537.36"
::1 - - [09/Aug/2019:02:29:00 +0000] "GET / HTTP/1.1" 200 6855 "http://localhost:5000/login" "Mozilla/5.0 (Macintosh; Intel Mac OS X 10_14_5) AppleWebKit/537.36 (KHTML, like Gecko) Chrome/75.0.3770.142 Safari/537.36"
::1 - - [09/Aug/2019:02:31:03 +0000] "GET / HTTP/1.1" 200 6996 "http://localhost:5000/login" "Mozilla/5.0 (Macintosh; Intel Mac OS X 10_14_5) AppleWebKit/537.36 (KHTML, like Gecko) Chrome/75.0.3770.142 Safari/537.36"
::1 - - [09/Aug/2019:02:31:46 +0000] "GET /logout HTTP/1.1" 302 46 "http://localhost:5000/" "Mozilla/5.0 (Macintosh; Intel Mac OS X 10_14_5) AppleWebKit/537.36 (KHTML, like Gecko) Chrome/75.0.3770.142 Safari/537.36"
::1 - - [09/Aug/2019:02:31:46 +0000] "GET / HTTP/1.1" 200 6495 "http://localhost:5000/" "Mozilla/5.0 (Macintosh; Intel Mac OS X 10_14_5) AppleWebKit/537.36 (KHTML, like Gecko) Chrome/75.0.3770.142 Safari/537.36"
::1 - - [09/Aug/2019:02:32:09 +0000] "GET / HTTP/1.1" 200 6501 "http://localhost:5000/" "Mozilla/5.0 (Macintosh; Intel Mac OS X 10_14_5) AppleWebKit/537.36 (KHTML, like Gecko) Chrome/75.0.3770.142 Safari/537.36"
::1 - - [09/Aug/2019:02:32:10 +0000] "GET / HTTP/1.1" 304 - "http://localhost:5000/" "Mozilla/5.0 (Macintosh; Intel Mac OS X 10_14_5) AppleWebKit/537.36 (KHTML, like Gecko) Chrome/75.0.3770.142 Safari/537.36"
::1 - - [09/Aug/2019:02:32:39 +0000] "GET / HTTP/1.1" 200 6496 "http://localhost:5000/" "Mozilla/5.0 (Macintosh; Intel Mac OS X 10_14_5) AppleWebKit/537.36 (KHTML, like Gecko) Chrome/75.0.3770.142 Safari/537.36"
::1 - - [09/Aug/2019:02:32:40 +0000] "GET / HTTP/1.1" 304 - "http://localhost:5000/" "Mozilla/5.0 (Macintosh; Intel Mac OS X 10_14_5) AppleWebKit/537.36 (KHTML, like Gecko) Chrome/75.0.3770.142 Safari/537.36"
::1 - - [09/Aug/2019:02:32:50 +0000] "GET / HTTP/1.1" 200 6500 "http://localhost:5000/" "Mozilla/5.0 (Macintosh; Intel Mac OS X 10_14_5) AppleWebKit/537.36 (KHTML, like Gecko) Chrome/75.0.3770.142 Safari/537.36"
::1 - - [09/Aug/2019:02:33:43 +0000] "GET / HTTP/1.1" 200 6502 "http://localhost:5000/" "Mozilla/5.0 (Macintosh; Intel Mac OS X 10_14_5) AppleWebKit/537.36 (KHTML, like Gecko) Chrome/75.0.3770.142 Safari/537.36"
::1 - - [09/Aug/2019:02:33:44 +0000] "GET / HTTP/1.1" 304 - "http://localhost:5000/" "Mozilla/5.0 (Macintosh; Intel Mac OS X 10_14_5) AppleWebKit/537.36 (KHTML, like Gecko) Chrome/75.0.3770.142 Safari/537.36"
::1 - - [09/Aug/2019:02:34:47 +0000] "GET / HTTP/1.1" 200 6498 "http://localhost:5000/" "Mozilla/5.0 (Macintosh; Intel Mac OS X 10_14_5) AppleWebKit/537.36 (KHTML, like Gecko) Chrome/75.0.3770.142 Safari/537.36"
::1 - - [09/Aug/2019:02:35:06 +0000] "GET / HTTP/1.1" 200 6451 "http://localhost:5000/" "Mozilla/5.0 (Macintosh; Intel Mac OS X 10_14_5) AppleWebKit/537.36 (KHTML, like Gecko) Chrome/75.0.3770.142 Safari/537.36"
::1 - - [09/Aug/2019:02:35:07 +0000] "GET / HTTP/1.1" 304 - "http://localhost:5000/" "Mozilla/5.0 (Macintosh; Intel Mac OS X 10_14_5) AppleWebKit/537.36 (KHTML, like Gecko) Chrome/75.0.3770.142 Safari/537.36"
::1 - - [09/Aug/2019:02:35:12 +0000] "GET / HTTP/1.1" 200 6329 "http://localhost:5000/" "Mozilla/5.0 (Macintosh; Intel Mac OS X 10_14_5) AppleWebKit/537.36 (KHTML, like Gecko) Chrome/75.0.3770.142 Safari/537.36"
::1 - - [09/Aug/2019:02:35:33 +0000] "GET /login HTTP/1.1" 200 3992 "http://localhost:5000/" "Mozilla/5.0 (Macintosh; Intel Mac OS X 10_14_5) AppleWebKit/537.36 (KHTML, like Gecko) Chrome/75.0.3770.142 Safari/537.36"
::1 - - [09/Aug/2019:02:35:34 +0000] "GET /login HTTP/1.1" 304 - "http://localhost:5000/" "Mozilla/5.0 (Macintosh; Intel Mac OS X 10_14_5) AppleWebKit/537.36 (KHTML, like Gecko) Chrome/75.0.3770.142 Safari/537.36"
::1 - - [09/Aug/2019:02:35:35 +0000] "GET / HTTP/1.1" 200 6451 "http://localhost:5000/login" "Mozilla/5.0 (Macintosh; Intel Mac OS X 10_14_5) AppleWebKit/537.36 (KHTML, like Gecko) Chrome/75.0.3770.142 Safari/537.36"
::1 - - [09/Aug/2019:02:35:36 +0000] "GET / HTTP/1.1" 304 - "http://localhost:5000/login" "Mozilla/5.0 (Macintosh; Intel Mac OS X 10_14_5) AppleWebKit/537.36 (KHTML, like Gecko) Chrome/75.0.3770.142 Safari/537.36"
::1 - - [09/Aug/2019:02:35:38 +0000] "GET /login HTTP/1.1" 304 - "http://localhost:5000/" "Mozilla/5.0 (Macintosh; Intel Mac OS X 10_14_5) AppleWebKit/537.36 (KHTML, like Gecko) Chrome/75.0.3770.142 Safari/537.36"
::1 - - [09/Aug/2019:02:35:40 +0000] "POST /login HTTP/1.1" 302 46 "http://localhost:5000/login" "Mozilla/5.0 (Macintosh; Intel Mac OS X 10_14_5) AppleWebKit/537.36 (KHTML, like Gecko) Chrome/75.0.3770.142 Safari/537.36"
::1 - - [09/Aug/2019:02:35:40 +0000] "GET / HTTP/1.1" 200 6931 "http://localhost:5000/login" "Mozilla/5.0 (Macintosh; Intel Mac OS X 10_14_5) AppleWebKit/537.36 (KHTML, like Gecko) Chrome/75.0.3770.142 Safari/537.36"
::1 - - [09/Aug/2019:02:35:51 +0000] "GET / HTTP/1.1" 200 6903 "http://localhost:5000/login" "Mozilla/5.0 (Macintosh; Intel Mac OS X 10_14_5) AppleWebKit/537.36 (KHTML, like Gecko) Chrome/75.0.3770.142 Safari/537.36"
::1 - - [09/Aug/2019:02:35:55 +0000] "GET /logout HTTP/1.1" 302 46 "http://localhost:5000/" "Mozilla/5.0 (Macintosh; Intel Mac OS X 10_14_5) AppleWebKit/537.36 (KHTML, like Gecko) Chrome/75.0.3770.142 Safari/537.36"
::1 - - [09/Aug/2019:02:35:55 +0000] "GET / HTTP/1.1" 200 6451 "http://localhost:5000/" "Mozilla/5.0 (Macintosh; Intel Mac OS X 10_14_5) AppleWebKit/537.36 (KHTML, like Gecko) Chrome/75.0.3770.142 Safari/537.36"
::1 - - [09/Aug/2019:02:36:46 +0000] "GET / HTTP/1.1" 500 2024 "http://localhost:5000/" "Mozilla/5.0 (Macintosh; Intel Mac OS X 10_14_5) AppleWebKit/537.36 (KHTML, like Gecko) Chrome/75.0.3770.142 Safari/537.36"
::1 - - [09/Aug/2019:02:36:55 +0000] "GET / HTTP/1.1" 200 6329 "http://localhost:5000/" "Mozilla/5.0 (Macintosh; Intel Mac OS X 10_14_5) AppleWebKit/537.36 (KHTML, like Gecko) Chrome/75.0.3770.142 Safari/537.36"
::1 - - [09/Aug/2019:02:36:58 +0000] "GET /login HTTP/1.1" 200 3992 "http://localhost:5000/" "Mozilla/5.0 (Macintosh; Intel Mac OS X 10_14_5) AppleWebKit/537.36 (KHTML, like Gecko) Chrome/75.0.3770.142 Safari/537.36"
::1 - - [09/Aug/2019:02:37:01 +0000] "POST /login HTTP/1.1" 302 46 "http://localhost:5000/login" "Mozilla/5.0 (Macintosh; Intel Mac OS X 10_14_5) AppleWebKit/537.36 (KHTML, like Gecko) Chrome/75.0.3770.142 Safari/537.36"
::1 - - [09/Aug/2019:02:37:01 +0000] "GET / HTTP/1.1" 200 6444 "http://localhost:5000/login" "Mozilla/5.0 (Macintosh; Intel Mac OS X 10_14_5) AppleWebKit/537.36 (KHTML, like Gecko) Chrome/75.0.3770.142 Safari/537.36"
::1 - - [09/Aug/2019:02:37:03 +0000] "GET /logout HTTP/1.1" 302 46 "http://localhost:5000/" "Mozilla/5.0 (Macintosh; Intel Mac OS X 10_14_5) AppleWebKit/537.36 (KHTML, like Gecko) Chrome/75.0.3770.142 Safari/537.36"
::1 - - [09/Aug/2019:02:37:03 +0000] "GET / HTTP/1.1" 200 6329 "http://localhost:5000/" "Mozilla/5.0 (Macintosh; Intel Mac OS X 10_14_5) AppleWebKit/537.36 (KHTML, like Gecko) Chrome/75.0.3770.142 Safari/537.36"
::1 - - [09/Aug/2019:02:37:05 +0000] "GET /login HTTP/1.1" 200 3992 "http://localhost:5000/" "Mozilla/5.0 (Macintosh; Intel Mac OS X 10_14_5) AppleWebKit/537.36 (KHTML, like Gecko) Chrome/75.0.3770.142 Safari/537.36"
::1 - - [09/Aug/2019:02:37:08 +0000] "POST /login HTTP/1.1" 302 46 "http://localhost:5000/login" "Mozilla/5.0 (Macintosh; Intel Mac OS X 10_14_5) AppleWebKit/537.36 (KHTML, like Gecko) Chrome/75.0.3770.142 Safari/537.36"
::1 - - [09/Aug/2019:02:37:08 +0000] "GET / HTTP/1.1" 200 6903 "http://localhost:5000/login" "Mozilla/5.0 (Macintosh; Intel Mac OS X 10_14_5) AppleWebKit/537.36 (KHTML, like Gecko) Chrome/75.0.3770.142 Safari/537.36"
::1 - - [09/Aug/2019:19:09:52 +0000] "GET / HTTP/1.1" 304 - "-" "Mozilla/5.0 (Macintosh; Intel Mac OS X 10_14_5) AppleWebKit/537.36 (KHTML, like Gecko) Chrome/75.0.3770.142 Safari/537.36"
::1 - - [09/Aug/2019:19:09:56 +0000] "GET /logout HTTP/1.1" 302 46 "http://localhost:5000/" "Mozilla/5.0 (Macintosh; Intel Mac OS X 10_14_5) AppleWebKit/537.36 (KHTML, like Gecko) Chrome/75.0.3770.142 Safari/537.36"
::1 - - [09/Aug/2019:19:09:56 +0000] "GET / HTTP/1.1" 200 6329 "http://localhost:5000/" "Mozilla/5.0 (Macintosh; Intel Mac OS X 10_14_5) AppleWebKit/537.36 (KHTML, like Gecko) Chrome/75.0.3770.142 Safari/537.36"
::1 - - [09/Aug/2019:19:10:00 +0000] "GET /login HTTP/1.1" 200 3992 "http://localhost:5000/" "Mozilla/5.0 (Macintosh; Intel Mac OS X 10_14_5) AppleWebKit/537.36 (KHTML, like Gecko) Chrome/75.0.3770.142 Safari/537.36"
::1 - - [09/Aug/2019:19:10:03 +0000] "POST /login HTTP/1.1" 302 46 "http://localhost:5000/login" "Mozilla/5.0 (Macintosh; Intel Mac OS X 10_14_5) AppleWebKit/537.36 (KHTML, like Gecko) Chrome/75.0.3770.142 Safari/537.36"
::1 - - [09/Aug/2019:19:10:03 +0000] "GET / HTTP/1.1" 200 6444 "http://localhost:5000/login" "Mozilla/5.0 (Macintosh; Intel Mac OS X 10_14_5) AppleWebKit/537.36 (KHTML, like Gecko) Chrome/75.0.3770.142 Safari/537.36"
::1 - - [09/Aug/2019:19:12:01 +0000] "GET / HTTP/1.1" 200 6445 "http://localhost:5000/login" "Mozilla/5.0 (Macintosh; Intel Mac OS X 10_14_5) AppleWebKit/537.36 (KHTML, like Gecko) Chrome/75.0.3770.142 Safari/537.36"
::1 - - [09/Aug/2019:19:12:02 +0000] "GET / HTTP/1.1" 304 - "http://localhost:5000/login" "Mozilla/5.0 (Macintosh; Intel Mac OS X 10_14_5) AppleWebKit/537.36 (KHTML, like Gecko) Chrome/75.0.3770.142 Safari/537.36"
::1 - - [09/Aug/2019:19:12:09 +0000] "GET / HTTP/1.1" 200 6447 "http://localhost:5000/login" "Mozilla/5.0 (Macintosh; Intel Mac OS X 10_14_5) AppleWebKit/537.36 (KHTML, like Gecko) Chrome/75.0.3770.142 Safari/537.36"
::1 - - [09/Aug/2019:19:12:17 +0000] "GET / HTTP/1.1" 200 6445 "http://localhost:5000/login" "Mozilla/5.0 (Macintosh; Intel Mac OS X 10_14_5) AppleWebKit/537.36 (KHTML, like Gecko) Chrome/75.0.3770.142 Safari/537.36"
::1 - - [09/Aug/2019:19:12:22 +0000] "GET / HTTP/1.1" 200 6446 "http://localhost:5000/login" "Mozilla/5.0 (Macintosh; Intel Mac OS X 10_14_5) AppleWebKit/537.36 (KHTML, like Gecko) Chrome/75.0.3770.142 Safari/537.36"
::1 - - [09/Aug/2019:19:12:42 +0000] "GET /logout HTTP/1.1" 302 46 "http://localhost:5000/" "Mozilla/5.0 (Macintosh; Intel Mac OS X 10_14_5) AppleWebKit/537.36 (KHTML, like Gecko) Chrome/75.0.3770.142 Safari/537.36"
::1 - - [09/Aug/2019:19:12:42 +0000] "GET / HTTP/1.1" 200 6329 "http://localhost:5000/" "Mozilla/5.0 (Macintosh; Intel Mac OS X 10_14_5) AppleWebKit/537.36 (KHTML, like Gecko) Chrome/75.0.3770.142 Safari/537.36"
::1 - - [09/Aug/2019:19:12:43 +0000] "GET /login HTTP/1.1" 200 3992 "http://localhost:5000/" "Mozilla/5.0 (Macintosh; Intel Mac OS X 10_14_5) AppleWebKit/537.36 (KHTML, like Gecko) Chrome/75.0.3770.142 Safari/537.36"
::1 - - [09/Aug/2019:19:12:44 +0000] "POST /login HTTP/1.1" 302 46 "http://localhost:5000/login" "Mozilla/5.0 (Macintosh; Intel Mac OS X 10_14_5) AppleWebKit/537.36 (KHTML, like Gecko) Chrome/75.0.3770.142 Safari/537.36"
::1 - - [09/Aug/2019:19:12:44 +0000] "GET / HTTP/1.1" 200 6446 "http://localhost:5000/login" "Mozilla/5.0 (Macintosh; Intel Mac OS X 10_14_5) AppleWebKit/537.36 (KHTML, like Gecko) Chrome/75.0.3770.142 Safari/537.36"
::1 - - [09/Aug/2019:19:13:11 +0000] "GET / HTTP/1.1" 200 6476 "http://localhost:5000/login" "Mozilla/5.0 (Macintosh; Intel Mac OS X 10_14_5) AppleWebKit/537.36 (KHTML, like Gecko) Chrome/75.0.3770.142 Safari/537.36"
::1 - - [09/Aug/2019:19:14:24 +0000] "GET / HTTP/1.1" 200 6476 "http://localhost:5000/login" "Mozilla/5.0 (Macintosh; Intel Mac OS X 10_14_5) AppleWebKit/537.36 (KHTML, like Gecko) Chrome/75.0.3770.142 Safari/537.36"
::1 - - [09/Aug/2019:19:18:56 +0000] "GET /logout HTTP/1.1" 302 46 "http://localhost:5000/" "Mozilla/5.0 (Macintosh; Intel Mac OS X 10_14_5) AppleWebKit/537.36 (KHTML, like Gecko) Chrome/75.0.3770.142 Safari/537.36"
::1 - - [09/Aug/2019:19:18:56 +0000] "GET / HTTP/1.1" 200 6329 "http://localhost:5000/" "Mozilla/5.0 (Macintosh; Intel Mac OS X 10_14_5) AppleWebKit/537.36 (KHTML, like Gecko) Chrome/75.0.3770.142 Safari/537.36"
::1 - - [09/Aug/2019:19:18:57 +0000] "GET /login HTTP/1.1" 200 3992 "http://localhost:5000/" "Mozilla/5.0 (Macintosh; Intel Mac OS X 10_14_5) AppleWebKit/537.36 (KHTML, like Gecko) Chrome/75.0.3770.142 Safari/537.36"
::1 - - [09/Aug/2019:19:18:59 +0000] "POST /login HTTP/1.1" 302 46 "http://localhost:5000/login" "Mozilla/5.0 (Macintosh; Intel Mac OS X 10_14_5) AppleWebKit/537.36 (KHTML, like Gecko) Chrome/75.0.3770.142 Safari/537.36"
::1 - - [09/Aug/2019:19:18:59 +0000] "GET / HTTP/1.1" 200 6476 "http://localhost:5000/login" "Mozilla/5.0 (Macintosh; Intel Mac OS X 10_14_5) AppleWebKit/537.36 (KHTML, like Gecko) Chrome/75.0.3770.142 Safari/537.36"
::1 - - [09/Aug/2019:19:19:06 +0000] "GET /user/teams/available HTTP/1.1" 404 159 "-" "Mozilla/5.0 (Macintosh; Intel Mac OS X 10_14_5) AppleWebKit/537.36 (KHTML, like Gecko) Chrome/75.0.3770.142 Safari/537.36"
::1 - - [09/Aug/2019:19:19:48 +0000] "GET /user/teams/available HTTP/1.1" 404 159 "-" "Mozilla/5.0 (Macintosh; Intel Mac OS X 10_14_5) AppleWebKit/537.36 (KHTML, like Gecko) Chrome/75.0.3770.142 Safari/537.36"
::1 - - [09/Aug/2019:19:21:10 +0000] "GET /user/teams/available HTTP/1.1" 302 56 "-" "Mozilla/5.0 (Macintosh; Intel Mac OS X 10_14_5) AppleWebKit/537.36 (KHTML, like Gecko) Chrome/75.0.3770.142 Safari/537.36"
::1 - - [09/Aug/2019:19:21:11 +0000] "GET /login HTTP/1.1" 200 3992 "-" "Mozilla/5.0 (Macintosh; Intel Mac OS X 10_14_5) AppleWebKit/537.36 (KHTML, like Gecko) Chrome/75.0.3770.142 Safari/537.36"
::1 - - [09/Aug/2019:19:21:12 +0000] "POST /login HTTP/1.1" 302 46 "http://localhost:5000/login" "Mozilla/5.0 (Macintosh; Intel Mac OS X 10_14_5) AppleWebKit/537.36 (KHTML, like Gecko) Chrome/75.0.3770.142 Safari/537.36"
::1 - - [09/Aug/2019:19:21:12 +0000] "GET / HTTP/1.1" 304 - "http://localhost:5000/login" "Mozilla/5.0 (Macintosh; Intel Mac OS X 10_14_5) AppleWebKit/537.36 (KHTML, like Gecko) Chrome/75.0.3770.142 Safari/537.36"
::1 - - [09/Aug/2019:19:21:14 +0000] "GET / HTTP/1.1" 304 - "http://localhost:5000/" "Mozilla/5.0 (Macintosh; Intel Mac OS X 10_14_5) AppleWebKit/537.36 (KHTML, like Gecko) Chrome/75.0.3770.142 Safari/537.36"
::1 - - [09/Aug/2019:19:21:23 +0000] "GET /user/teams/available HTTP/1.1" 200 25892 "-" "Mozilla/5.0 (Macintosh; Intel Mac OS X 10_14_5) AppleWebKit/537.36 (KHTML, like Gecko) Chrome/75.0.3770.142 Safari/537.36"
::1 - - [09/Aug/2019:19:25:13 +0000] "GET /user/teams/available HTTP/1.1" 302 56 "-" "Mozilla/5.0 (Macintosh; Intel Mac OS X 10_14_5) AppleWebKit/537.36 (KHTML, like Gecko) Chrome/75.0.3770.142 Safari/537.36"
::1 - - [09/Aug/2019:19:25:13 +0000] "GET /login HTTP/1.1" 200 3992 "-" "Mozilla/5.0 (Macintosh; Intel Mac OS X 10_14_5) AppleWebKit/537.36 (KHTML, like Gecko) Chrome/75.0.3770.142 Safari/537.36"
::1 - - [09/Aug/2019:19:25:15 +0000] "POST /login HTTP/1.1" 302 46 "http://localhost:5000/login" "Mozilla/5.0 (Macintosh; Intel Mac OS X 10_14_5) AppleWebKit/537.36 (KHTML, like Gecko) Chrome/75.0.3770.142 Safari/537.36"
::1 - - [09/Aug/2019:19:25:15 +0000] "GET / HTTP/1.1" 304 - "http://localhost:5000/login" "Mozilla/5.0 (Macintosh; Intel Mac OS X 10_14_5) AppleWebKit/537.36 (KHTML, like Gecko) Chrome/75.0.3770.142 Safari/537.36"
::1 - - [09/Aug/2019:19:25:16 +0000] "GET / HTTP/1.1" 304 - "http://localhost:5000/" "Mozilla/5.0 (Macintosh; Intel Mac OS X 10_14_5) AppleWebKit/537.36 (KHTML, like Gecko) Chrome/75.0.3770.142 Safari/537.36"
::1 - - [09/Aug/2019:19:25:51 +0000] "GET / HTTP/1.1" 200 6496 "http://localhost:5000/" "Mozilla/5.0 (Macintosh; Intel Mac OS X 10_14_5) AppleWebKit/537.36 (KHTML, like Gecko) Chrome/75.0.3770.142 Safari/537.36"
::1 - - [09/Aug/2019:19:25:54 +0000] "GET /user/teams/available HTTP/1.1" 200 25746 "http://localhost:5000/" "Mozilla/5.0 (Macintosh; Intel Mac OS X 10_14_5) AppleWebKit/537.36 (KHTML, like Gecko) Chrome/75.0.3770.142 Safari/537.36"
::1 - - [09/Aug/2019:19:27:24 +0000] "GET /user/teams/available HTTP/1.1" 304 - "http://localhost:5000/" "Mozilla/5.0 (Macintosh; Intel Mac OS X 10_14_5) AppleWebKit/537.36 (KHTML, like Gecko) Chrome/75.0.3770.142 Safari/537.36"
::1 - - [09/Aug/2019:19:27:28 +0000] "GET /user/teams/available HTTP/1.1" 304 - "http://localhost:5000/" "Mozilla/5.0 (Macintosh; Intel Mac OS X 10_14_5) AppleWebKit/537.36 (KHTML, like Gecko) Chrome/75.0.3770.142 Safari/537.36"
::1 - - [09/Aug/2019:19:27:29 +0000] "GET /user/teams/available HTTP/1.1" 304 - "http://localhost:5000/" "Mozilla/5.0 (Macintosh; Intel Mac OS X 10_14_5) AppleWebKit/537.36 (KHTML, like Gecko) Chrome/75.0.3770.142 Safari/537.36"
::1 - - [09/Aug/2019:19:27:53 +0000] "GET /user/teams/available HTTP/1.1" 304 - "http://localhost:5000/" "Mozilla/5.0 (Macintosh; Intel Mac OS X 10_14_5) AppleWebKit/537.36 (KHTML, like Gecko) Chrome/75.0.3770.142 Safari/537.36"
::1 - - [09/Aug/2019:19:27:54 +0000] "GET /user/teams/available HTTP/1.1" 304 - "http://localhost:5000/" "Mozilla/5.0 (Macintosh; Intel Mac OS X 10_14_5) AppleWebKit/537.36 (KHTML, like Gecko) Chrome/75.0.3770.142 Safari/537.36"
::1 - - [09/Aug/2019:19:28:43 +0000] "GET /user/teams/available HTTP/1.1" 200 31267 "http://localhost:5000/" "Mozilla/5.0 (Macintosh; Intel Mac OS X 10_14_5) AppleWebKit/537.36 (KHTML, like Gecko) Chrome/75.0.3770.142 Safari/537.36"
::1 - - [09/Aug/2019:19:29:25 +0000] "GET /user/teams/available HTTP/1.1" 200 31783 "http://localhost:5000/" "Mozilla/5.0 (Macintosh; Intel Mac OS X 10_14_5) AppleWebKit/537.36 (KHTML, like Gecko) Chrome/75.0.3770.142 Safari/537.36"
::1 - - [09/Aug/2019:19:29:36 +0000] "GET /user/teams/available HTTP/1.1" 200 32170 "http://localhost:5000/" "Mozilla/5.0 (Macintosh; Intel Mac OS X 10_14_5) AppleWebKit/537.36 (KHTML, like Gecko) Chrome/75.0.3770.142 Safari/537.36"
::1 - - [09/Aug/2019:19:30:16 +0000] "GET /user/teams/available HTTP/1.1" 200 33870 "http://localhost:5000/" "Mozilla/5.0 (Macintosh; Intel Mac OS X 10_14_5) AppleWebKit/537.36 (KHTML, like Gecko) Chrome/75.0.3770.142 Safari/537.36"
::1 - - [09/Aug/2019:19:37:47 +0000] "GET /logout HTTP/1.1" 302 46 "-" "Mozilla/5.0 (Macintosh; Intel Mac OS X 10_14_5) AppleWebKit/537.36 (KHTML, like Gecko) Chrome/75.0.3770.142 Safari/537.36"
::1 - - [09/Aug/2019:19:37:47 +0000] "GET / HTTP/1.1" 200 6329 "-" "Mozilla/5.0 (Macintosh; Intel Mac OS X 10_14_5) AppleWebKit/537.36 (KHTML, like Gecko) Chrome/75.0.3770.142 Safari/537.36"
::1 - - [09/Aug/2019:19:37:49 +0000] "GET /login HTTP/1.1" 200 3992 "http://localhost:5000/" "Mozilla/5.0 (Macintosh; Intel Mac OS X 10_14_5) AppleWebKit/537.36 (KHTML, like Gecko) Chrome/75.0.3770.142 Safari/537.36"
::1 - - [09/Aug/2019:19:37:50 +0000] "POST /login HTTP/1.1" 302 46 "http://localhost:5000/login" "Mozilla/5.0 (Macintosh; Intel Mac OS X 10_14_5) AppleWebKit/537.36 (KHTML, like Gecko) Chrome/75.0.3770.142 Safari/537.36"
::1 - - [09/Aug/2019:19:37:50 +0000] "GET / HTTP/1.1" 200 6496 "http://localhost:5000/login" "Mozilla/5.0 (Macintosh; Intel Mac OS X 10_14_5) AppleWebKit/537.36 (KHTML, like Gecko) Chrome/75.0.3770.142 Safari/537.36"
::1 - - [09/Aug/2019:19:37:52 +0000] "GET /user/teams/available HTTP/1.1" 304 - "http://localhost:5000/" "Mozilla/5.0 (Macintosh; Intel Mac OS X 10_14_5) AppleWebKit/537.36 (KHTML, like Gecko) Chrome/75.0.3770.142 Safari/537.36"
::1 - - [09/Aug/2019:19:37:53 +0000] "GET /user/teams/request/1 HTTP/1.1" 200 33870 "http://localhost:5000/user/teams/available" "Mozilla/5.0 (Macintosh; Intel Mac OS X 10_14_5) AppleWebKit/537.36 (KHTML, like Gecko) Chrome/75.0.3770.142 Safari/537.36"
::1 - - [09/Aug/2019:19:38:22 +0000] "GET /user/teams/request/1 HTTP/1.1" 302 56 "http://localhost:5000/user/teams/available" "Mozilla/5.0 (Macintosh; Intel Mac OS X 10_14_5) AppleWebKit/537.36 (KHTML, like Gecko) Chrome/75.0.3770.142 Safari/537.36"
::1 - - [09/Aug/2019:19:38:22 +0000] "GET /login HTTP/1.1" 200 3992 "http://localhost:5000/user/teams/available" "Mozilla/5.0 (Macintosh; Intel Mac OS X 10_14_5) AppleWebKit/537.36 (KHTML, like Gecko) Chrome/75.0.3770.142 Safari/537.36"
::1 - - [09/Aug/2019:19:38:23 +0000] "POST /login HTTP/1.1" 302 46 "http://localhost:5000/login" "Mozilla/5.0 (Macintosh; Intel Mac OS X 10_14_5) AppleWebKit/537.36 (KHTML, like Gecko) Chrome/75.0.3770.142 Safari/537.36"
::1 - - [09/Aug/2019:19:38:23 +0000] "GET / HTTP/1.1" 304 - "http://localhost:5000/login" "Mozilla/5.0 (Macintosh; Intel Mac OS X 10_14_5) AppleWebKit/537.36 (KHTML, like Gecko) Chrome/75.0.3770.142 Safari/537.36"
::1 - - [09/Aug/2019:19:38:25 +0000] "GET /user/teams/available HTTP/1.1" 304 - "http://localhost:5000/" "Mozilla/5.0 (Macintosh; Intel Mac OS X 10_14_5) AppleWebKit/537.36 (KHTML, like Gecko) Chrome/75.0.3770.142 Safari/537.36"
::1 - - [09/Aug/2019:19:38:26 +0000] "GET /user/teams/request/1 HTTP/1.1" 200 33870 "http://localhost:5000/user/teams/available" "Mozilla/5.0 (Macintosh; Intel Mac OS X 10_14_5) AppleWebKit/537.36 (KHTML, like Gecko) Chrome/75.0.3770.142 Safari/537.36"
::1 - - [09/Aug/2019:19:38:53 +0000] "GET /user/teams/request/1 HTTP/1.1" 200 33874 "http://localhost:5000/user/teams/available" "Mozilla/5.0 (Macintosh; Intel Mac OS X 10_14_5) AppleWebKit/537.36 (KHTML, like Gecko) Chrome/75.0.3770.142 Safari/537.36"
::1 - - [09/Aug/2019:19:38:54 +0000] "GET /user/teams/available HTTP/1.1" 200 33874 "http://localhost:5000/user/teams/request/1" "Mozilla/5.0 (Macintosh; Intel Mac OS X 10_14_5) AppleWebKit/537.36 (KHTML, like Gecko) Chrome/75.0.3770.142 Safari/537.36"
::1 - - [09/Aug/2019:19:44:38 +0000] "GET /user/teams/available HTTP/1.1" 302 56 "http://localhost:5000/user/teams/request/1" "Mozilla/5.0 (Macintosh; Intel Mac OS X 10_14_5) AppleWebKit/537.36 (KHTML, like Gecko) Chrome/75.0.3770.142 Safari/537.36"
::1 - - [09/Aug/2019:19:44:38 +0000] "GET /login HTTP/1.1" 200 3992 "http://localhost:5000/user/teams/request/1" "Mozilla/5.0 (Macintosh; Intel Mac OS X 10_14_5) AppleWebKit/537.36 (KHTML, like Gecko) Chrome/75.0.3770.142 Safari/537.36"
::1 - - [09/Aug/2019:19:44:40 +0000] "POST /login HTTP/1.1" 302 46 "http://localhost:5000/login" "Mozilla/5.0 (Macintosh; Intel Mac OS X 10_14_5) AppleWebKit/537.36 (KHTML, like Gecko) Chrome/75.0.3770.142 Safari/537.36"
::1 - - [09/Aug/2019:19:44:40 +0000] "GET / HTTP/1.1" 200 6500 "http://localhost:5000/login" "Mozilla/5.0 (Macintosh; Intel Mac OS X 10_14_5) AppleWebKit/537.36 (KHTML, like Gecko) Chrome/75.0.3770.142 Safari/537.36"
::1 - - [09/Aug/2019:19:44:42 +0000] "GET /user/teams/available HTTP/1.1" 200 33874 "http://localhost:5000/" "Mozilla/5.0 (Macintosh; Intel Mac OS X 10_14_5) AppleWebKit/537.36 (KHTML, like Gecko) Chrome/75.0.3770.142 Safari/537.36"
::1 - - [09/Aug/2019:19:44:44 +0000] "GET /user/teams/request/1 HTTP/1.1" 500 1830 "http://localhost:5000/user/teams/available" "Mozilla/5.0 (Macintosh; Intel Mac OS X 10_14_5) AppleWebKit/537.36 (KHTML, like Gecko) Chrome/75.0.3770.142 Safari/537.36"
::1 - - [09/Aug/2019:19:45:00 +0000] "GET /user/teams/request/1 HTTP/1.1" 500 1830 "http://localhost:5000/user/teams/available" "Mozilla/5.0 (Macintosh; Intel Mac OS X 10_14_5) AppleWebKit/537.36 (KHTML, like Gecko) Chrome/75.0.3770.142 Safari/537.36"
::1 - - [09/Aug/2019:19:45:09 +0000] "GET /user/teams/request/1 HTTP/1.1" 302 56 "http://localhost:5000/user/teams/available" "Mozilla/5.0 (Macintosh; Intel Mac OS X 10_14_5) AppleWebKit/537.36 (KHTML, like Gecko) Chrome/75.0.3770.142 Safari/537.36"
::1 - - [09/Aug/2019:19:45:09 +0000] "GET /login HTTP/1.1" 200 3992 "http://localhost:5000/user/teams/available" "Mozilla/5.0 (Macintosh; Intel Mac OS X 10_14_5) AppleWebKit/537.36 (KHTML, like Gecko) Chrome/75.0.3770.142 Safari/537.36"
::1 - - [09/Aug/2019:19:45:11 +0000] "POST /login HTTP/1.1" 302 46 "http://localhost:5000/login" "Mozilla/5.0 (Macintosh; Intel Mac OS X 10_14_5) AppleWebKit/537.36 (KHTML, like Gecko) Chrome/75.0.3770.142 Safari/537.36"
::1 - - [09/Aug/2019:19:45:11 +0000] "GET / HTTP/1.1" 304 - "http://localhost:5000/login" "Mozilla/5.0 (Macintosh; Intel Mac OS X 10_14_5) AppleWebKit/537.36 (KHTML, like Gecko) Chrome/75.0.3770.142 Safari/537.36"
::1 - - [09/Aug/2019:19:45:12 +0000] "GET /user/teams/available HTTP/1.1" 304 - "http://localhost:5000/" "Mozilla/5.0 (Macintosh; Intel Mac OS X 10_14_5) AppleWebKit/537.36 (KHTML, like Gecko) Chrome/75.0.3770.142 Safari/537.36"
::1 - - [09/Aug/2019:19:45:14 +0000] "GET /user/teams/request/1 HTTP/1.1" 200 33874 "http://localhost:5000/user/teams/available" "Mozilla/5.0 (Macintosh; Intel Mac OS X 10_14_5) AppleWebKit/537.36 (KHTML, like Gecko) Chrome/75.0.3770.142 Safari/537.36"
::1 - - [09/Aug/2019:19:45:56 +0000] "GET /user/teams/request/1 HTTP/1.1" 304 - "http://localhost:5000/user/teams/available" "Mozilla/5.0 (Macintosh; Intel Mac OS X 10_14_5) AppleWebKit/537.36 (KHTML, like Gecko) Chrome/75.0.3770.142 Safari/537.36"
::1 - - [09/Aug/2019:19:46:03 +0000] "GET /user/teams/request/1 HTTP/1.1" 304 - "http://localhost:5000/user/teams/available" "Mozilla/5.0 (Macintosh; Intel Mac OS X 10_14_5) AppleWebKit/537.36 (KHTML, like Gecko) Chrome/75.0.3770.142 Safari/537.36"
::1 - - [09/Aug/2019:19:46:14 +0000] "GET /user/teams/request/1 HTTP/1.1" 302 56 "http://localhost:5000/user/teams/available" "Mozilla/5.0 (Macintosh; Intel Mac OS X 10_14_5) AppleWebKit/537.36 (KHTML, like Gecko) Chrome/75.0.3770.142 Safari/537.36"
::1 - - [09/Aug/2019:19:46:14 +0000] "GET /login HTTP/1.1" 200 3992 "http://localhost:5000/user/teams/available" "Mozilla/5.0 (Macintosh; Intel Mac OS X 10_14_5) AppleWebKit/537.36 (KHTML, like Gecko) Chrome/75.0.3770.142 Safari/537.36"
::1 - - [09/Aug/2019:19:46:15 +0000] "POST /login HTTP/1.1" 302 46 "http://localhost:5000/login" "Mozilla/5.0 (Macintosh; Intel Mac OS X 10_14_5) AppleWebKit/537.36 (KHTML, like Gecko) Chrome/75.0.3770.142 Safari/537.36"
::1 - - [09/Aug/2019:19:46:15 +0000] "GET / HTTP/1.1" 304 - "http://localhost:5000/login" "Mozilla/5.0 (Macintosh; Intel Mac OS X 10_14_5) AppleWebKit/537.36 (KHTML, like Gecko) Chrome/75.0.3770.142 Safari/537.36"
::1 - - [09/Aug/2019:19:46:16 +0000] "GET /user/teams/available HTTP/1.1" 304 - "http://localhost:5000/" "Mozilla/5.0 (Macintosh; Intel Mac OS X 10_14_5) AppleWebKit/537.36 (KHTML, like Gecko) Chrome/75.0.3770.142 Safari/537.36"
::1 - - [09/Aug/2019:19:46:18 +0000] "GET /user/teams/request/1 HTTP/1.1" 200 33874 "http://localhost:5000/user/teams/available" "Mozilla/5.0 (Macintosh; Intel Mac OS X 10_14_5) AppleWebKit/537.36 (KHTML, like Gecko) Chrome/75.0.3770.142 Safari/537.36"
::1 - - [09/Aug/2019:19:47:10 +0000] "GET /user/teams/request/1 HTTP/1.1" 304 - "http://localhost:5000/user/teams/available" "Mozilla/5.0 (Macintosh; Intel Mac OS X 10_14_5) AppleWebKit/537.36 (KHTML, like Gecko) Chrome/75.0.3770.142 Safari/537.36"
::1 - - [09/Aug/2019:19:47:19 +0000] "GET /user/teams/request/1 HTTP/1.1" 302 56 "http://localhost:5000/user/teams/available" "Mozilla/5.0 (Macintosh; Intel Mac OS X 10_14_5) AppleWebKit/537.36 (KHTML, like Gecko) Chrome/75.0.3770.142 Safari/537.36"
::1 - - [09/Aug/2019:19:47:19 +0000] "GET /login HTTP/1.1" 200 3992 "http://localhost:5000/user/teams/available" "Mozilla/5.0 (Macintosh; Intel Mac OS X 10_14_5) AppleWebKit/537.36 (KHTML, like Gecko) Chrome/75.0.3770.142 Safari/537.36"
::1 - - [09/Aug/2019:19:47:20 +0000] "POST /login HTTP/1.1" 302 46 "http://localhost:5000/login" "Mozilla/5.0 (Macintosh; Intel Mac OS X 10_14_5) AppleWebKit/537.36 (KHTML, like Gecko) Chrome/75.0.3770.142 Safari/537.36"
::1 - - [09/Aug/2019:19:47:20 +0000] "GET / HTTP/1.1" 304 - "http://localhost:5000/login" "Mozilla/5.0 (Macintosh; Intel Mac OS X 10_14_5) AppleWebKit/537.36 (KHTML, like Gecko) Chrome/75.0.3770.142 Safari/537.36"
::1 - - [09/Aug/2019:19:47:21 +0000] "GET /user/teams/available HTTP/1.1" 304 - "http://localhost:5000/" "Mozilla/5.0 (Macintosh; Intel Mac OS X 10_14_5) AppleWebKit/537.36 (KHTML, like Gecko) Chrome/75.0.3770.142 Safari/537.36"
::1 - - [09/Aug/2019:19:47:22 +0000] "GET /user/teams/request/1 HTTP/1.1" 200 33874 "http://localhost:5000/user/teams/available" "Mozilla/5.0 (Macintosh; Intel Mac OS X 10_14_5) AppleWebKit/537.36 (KHTML, like Gecko) Chrome/75.0.3770.142 Safari/537.36"
::1 - - [09/Aug/2019:19:47:56 +0000] "GET /user/teams/request/1 HTTP/1.1" 302 56 "http://localhost:5000/user/teams/available" "Mozilla/5.0 (Macintosh; Intel Mac OS X 10_14_5) AppleWebKit/537.36 (KHTML, like Gecko) Chrome/75.0.3770.142 Safari/537.36"
::1 - - [09/Aug/2019:19:47:56 +0000] "GET /login HTTP/1.1" 200 3992 "http://localhost:5000/user/teams/available" "Mozilla/5.0 (Macintosh; Intel Mac OS X 10_14_5) AppleWebKit/537.36 (KHTML, like Gecko) Chrome/75.0.3770.142 Safari/537.36"
::1 - - [09/Aug/2019:19:47:57 +0000] "POST /login HTTP/1.1" 302 46 "http://localhost:5000/login" "Mozilla/5.0 (Macintosh; Intel Mac OS X 10_14_5) AppleWebKit/537.36 (KHTML, like Gecko) Chrome/75.0.3770.142 Safari/537.36"
::1 - - [09/Aug/2019:19:47:57 +0000] "GET / HTTP/1.1" 304 - "http://localhost:5000/login" "Mozilla/5.0 (Macintosh; Intel Mac OS X 10_14_5) AppleWebKit/537.36 (KHTML, like Gecko) Chrome/75.0.3770.142 Safari/537.36"
::1 - - [09/Aug/2019:19:47:58 +0000] "GET /user/teams/available HTTP/1.1" 304 - "http://localhost:5000/" "Mozilla/5.0 (Macintosh; Intel Mac OS X 10_14_5) AppleWebKit/537.36 (KHTML, like Gecko) Chrome/75.0.3770.142 Safari/537.36"
::1 - - [09/Aug/2019:19:47:59 +0000] "GET /user/teams/request/1 HTTP/1.1" 200 33874 "http://localhost:5000/user/teams/available" "Mozilla/5.0 (Macintosh; Intel Mac OS X 10_14_5) AppleWebKit/537.36 (KHTML, like Gecko) Chrome/75.0.3770.142 Safari/537.36"
::1 - - [09/Aug/2019:19:48:25 +0000] "GET /user/teams/request/1 HTTP/1.1" 304 - "http://localhost:5000/user/teams/available" "Mozilla/5.0 (Macintosh; Intel Mac OS X 10_14_5) AppleWebKit/537.36 (KHTML, like Gecko) Chrome/75.0.3770.142 Safari/537.36"
::1 - - [09/Aug/2019:19:48:27 +0000] "GET / HTTP/1.1" 304 - "http://localhost:5000/user/teams/request/1" "Mozilla/5.0 (Macintosh; Intel Mac OS X 10_14_5) AppleWebKit/537.36 (KHTML, like Gecko) Chrome/75.0.3770.142 Safari/537.36"
::1 - - [09/Aug/2019:19:48:55 +0000] "GET / HTTP/1.1" 200 6329 "http://localhost:5000/user/teams/request/1" "Mozilla/5.0 (Macintosh; Intel Mac OS X 10_14_5) AppleWebKit/537.36 (KHTML, like Gecko) Chrome/75.0.3770.142 Safari/537.36"
::1 - - [09/Aug/2019:19:48:57 +0000] "GET /login HTTP/1.1" 200 3992 "http://localhost:5000/" "Mozilla/5.0 (Macintosh; Intel Mac OS X 10_14_5) AppleWebKit/537.36 (KHTML, like Gecko) Chrome/75.0.3770.142 Safari/537.36"
::1 - - [09/Aug/2019:19:48:58 +0000] "POST /login HTTP/1.1" 302 46 "http://localhost:5000/login" "Mozilla/5.0 (Macintosh; Intel Mac OS X 10_14_5) AppleWebKit/537.36 (KHTML, like Gecko) Chrome/75.0.3770.142 Safari/537.36"
::1 - - [09/Aug/2019:19:48:58 +0000] "GET / HTTP/1.1" 200 6500 "http://localhost:5000/login" "Mozilla/5.0 (Macintosh; Intel Mac OS X 10_14_5) AppleWebKit/537.36 (KHTML, like Gecko) Chrome/75.0.3770.142 Safari/537.36"
::1 - - [09/Aug/2019:19:48:59 +0000] "GET /user/teams/available HTTP/1.1" 304 - "http://localhost:5000/" "Mozilla/5.0 (Macintosh; Intel Mac OS X 10_14_5) AppleWebKit/537.36 (KHTML, like Gecko) Chrome/75.0.3770.142 Safari/537.36"
::1 - - [09/Aug/2019:19:49:00 +0000] "GET /user/teams/request/1 HTTP/1.1" 304 - "http://localhost:5000/user/teams/available" "Mozilla/5.0 (Macintosh; Intel Mac OS X 10_14_5) AppleWebKit/537.36 (KHTML, like Gecko) Chrome/75.0.3770.142 Safari/537.36"
::1 - - [09/Aug/2019:19:49:15 +0000] "GET /user/teams/request/1 HTTP/1.1" 302 56 "http://localhost:5000/user/teams/available" "Mozilla/5.0 (Macintosh; Intel Mac OS X 10_14_5) AppleWebKit/537.36 (KHTML, like Gecko) Chrome/75.0.3770.142 Safari/537.36"
::1 - - [09/Aug/2019:19:49:15 +0000] "GET /login HTTP/1.1" 200 3992 "http://localhost:5000/user/teams/available" "Mozilla/5.0 (Macintosh; Intel Mac OS X 10_14_5) AppleWebKit/537.36 (KHTML, like Gecko) Chrome/75.0.3770.142 Safari/537.36"
::1 - - [09/Aug/2019:19:49:17 +0000] "POST /login HTTP/1.1" 302 46 "http://localhost:5000/login" "Mozilla/5.0 (Macintosh; Intel Mac OS X 10_14_5) AppleWebKit/537.36 (KHTML, like Gecko) Chrome/75.0.3770.142 Safari/537.36"
::1 - - [09/Aug/2019:19:49:17 +0000] "GET / HTTP/1.1" 304 - "http://localhost:5000/login" "Mozilla/5.0 (Macintosh; Intel Mac OS X 10_14_5) AppleWebKit/537.36 (KHTML, like Gecko) Chrome/75.0.3770.142 Safari/537.36"
::1 - - [09/Aug/2019:19:49:17 +0000] "GET /user/teams/available HTTP/1.1" 304 - "http://localhost:5000/" "Mozilla/5.0 (Macintosh; Intel Mac OS X 10_14_5) AppleWebKit/537.36 (KHTML, like Gecko) Chrome/75.0.3770.142 Safari/537.36"
::1 - - [09/Aug/2019:19:49:32 +0000] "GET /user/teams/available HTTP/1.1" 302 56 "http://localhost:5000/" "Mozilla/5.0 (Macintosh; Intel Mac OS X 10_14_5) AppleWebKit/537.36 (KHTML, like Gecko) Chrome/75.0.3770.142 Safari/537.36"
::1 - - [09/Aug/2019:19:49:32 +0000] "GET /login HTTP/1.1" 200 3992 "http://localhost:5000/" "Mozilla/5.0 (Macintosh; Intel Mac OS X 10_14_5) AppleWebKit/537.36 (KHTML, like Gecko) Chrome/75.0.3770.142 Safari/537.36"
::1 - - [09/Aug/2019:19:49:33 +0000] "POST /login HTTP/1.1" 302 46 "http://localhost:5000/login" "Mozilla/5.0 (Macintosh; Intel Mac OS X 10_14_5) AppleWebKit/537.36 (KHTML, like Gecko) Chrome/75.0.3770.142 Safari/537.36"
::1 - - [09/Aug/2019:19:49:33 +0000] "GET / HTTP/1.1" 304 - "http://localhost:5000/login" "Mozilla/5.0 (Macintosh; Intel Mac OS X 10_14_5) AppleWebKit/537.36 (KHTML, like Gecko) Chrome/75.0.3770.142 Safari/537.36"
::1 - - [09/Aug/2019:19:49:35 +0000] "GET /user/teams/available HTTP/1.1" 200 33874 "http://localhost:5000/" "Mozilla/5.0 (Macintosh; Intel Mac OS X 10_14_5) AppleWebKit/537.36 (KHTML, like Gecko) Chrome/75.0.3770.142 Safari/537.36"
::1 - - [09/Aug/2019:19:49:36 +0000] "GET /user/teams/request/1 HTTP/1.1" 200 33874 "http://localhost:5000/user/teams/available" "Mozilla/5.0 (Macintosh; Intel Mac OS X 10_14_5) AppleWebKit/537.36 (KHTML, like Gecko) Chrome/75.0.3770.142 Safari/537.36"
::1 - - [09/Aug/2019:19:49:45 +0000] "GET /user/teams/request/1 HTTP/1.1" 302 56 "http://localhost:5000/user/teams/available" "Mozilla/5.0 (Macintosh; Intel Mac OS X 10_14_5) AppleWebKit/537.36 (KHTML, like Gecko) Chrome/75.0.3770.142 Safari/537.36"
::1 - - [09/Aug/2019:19:49:45 +0000] "GET /login HTTP/1.1" 200 3992 "http://localhost:5000/user/teams/available" "Mozilla/5.0 (Macintosh; Intel Mac OS X 10_14_5) AppleWebKit/537.36 (KHTML, like Gecko) Chrome/75.0.3770.142 Safari/537.36"
::1 - - [09/Aug/2019:19:49:46 +0000] "POST /login HTTP/1.1" 302 46 "http://localhost:5000/login" "Mozilla/5.0 (Macintosh; Intel Mac OS X 10_14_5) AppleWebKit/537.36 (KHTML, like Gecko) Chrome/75.0.3770.142 Safari/537.36"
::1 - - [09/Aug/2019:19:49:46 +0000] "GET / HTTP/1.1" 304 - "http://localhost:5000/login" "Mozilla/5.0 (Macintosh; Intel Mac OS X 10_14_5) AppleWebKit/537.36 (KHTML, like Gecko) Chrome/75.0.3770.142 Safari/537.36"
::1 - - [09/Aug/2019:19:49:47 +0000] "GET /user/teams/available HTTP/1.1" 304 - "http://localhost:5000/" "Mozilla/5.0 (Macintosh; Intel Mac OS X 10_14_5) AppleWebKit/537.36 (KHTML, like Gecko) Chrome/75.0.3770.142 Safari/537.36"
::1 - - [09/Aug/2019:19:49:48 +0000] "GET /user/teams/request/1 HTTP/1.1" 200 33874 "http://localhost:5000/user/teams/available" "Mozilla/5.0 (Macintosh; Intel Mac OS X 10_14_5) AppleWebKit/537.36 (KHTML, like Gecko) Chrome/75.0.3770.142 Safari/537.36"
::1 - - [09/Aug/2019:19:50:18 +0000] "GET /user/teams/request/1 HTTP/1.1" 302 56 "http://localhost:5000/user/teams/available" "Mozilla/5.0 (Macintosh; Intel Mac OS X 10_14_5) AppleWebKit/537.36 (KHTML, like Gecko) Chrome/75.0.3770.142 Safari/537.36"
::1 - - [09/Aug/2019:19:50:18 +0000] "GET /login HTTP/1.1" 200 3992 "http://localhost:5000/user/teams/available" "Mozilla/5.0 (Macintosh; Intel Mac OS X 10_14_5) AppleWebKit/537.36 (KHTML, like Gecko) Chrome/75.0.3770.142 Safari/537.36"
::1 - - [09/Aug/2019:19:50:19 +0000] "POST /login HTTP/1.1" 302 46 "http://localhost:5000/login" "Mozilla/5.0 (Macintosh; Intel Mac OS X 10_14_5) AppleWebKit/537.36 (KHTML, like Gecko) Chrome/75.0.3770.142 Safari/537.36"
::1 - - [09/Aug/2019:19:50:19 +0000] "GET / HTTP/1.1" 304 - "http://localhost:5000/login" "Mozilla/5.0 (Macintosh; Intel Mac OS X 10_14_5) AppleWebKit/537.36 (KHTML, like Gecko) Chrome/75.0.3770.142 Safari/537.36"
::1 - - [09/Aug/2019:19:50:20 +0000] "GET /user/teams/available HTTP/1.1" 304 - "http://localhost:5000/" "Mozilla/5.0 (Macintosh; Intel Mac OS X 10_14_5) AppleWebKit/537.36 (KHTML, like Gecko) Chrome/75.0.3770.142 Safari/537.36"
::1 - - [09/Aug/2019:19:50:21 +0000] "GET /user/teams/request/1 HTTP/1.1" 200 33874 "http://localhost:5000/user/teams/available" "Mozilla/5.0 (Macintosh; Intel Mac OS X 10_14_5) AppleWebKit/537.36 (KHTML, like Gecko) Chrome/75.0.3770.142 Safari/537.36"
::1 - - [09/Aug/2019:19:53:18 +0000] "GET /user/teams/request/1 HTTP/1.1" 302 56 "http://localhost:5000/user/teams/available" "Mozilla/5.0 (Macintosh; Intel Mac OS X 10_14_5) AppleWebKit/537.36 (KHTML, like Gecko) Chrome/75.0.3770.142 Safari/537.36"
::1 - - [09/Aug/2019:19:53:18 +0000] "GET /login HTTP/1.1" 200 3992 "http://localhost:5000/user/teams/available" "Mozilla/5.0 (Macintosh; Intel Mac OS X 10_14_5) AppleWebKit/537.36 (KHTML, like Gecko) Chrome/75.0.3770.142 Safari/537.36"
::1 - - [09/Aug/2019:19:53:20 +0000] "POST /login HTTP/1.1" 302 46 "http://localhost:5000/login" "Mozilla/5.0 (Macintosh; Intel Mac OS X 10_14_5) AppleWebKit/537.36 (KHTML, like Gecko) Chrome/75.0.3770.142 Safari/537.36"
::1 - - [09/Aug/2019:19:53:20 +0000] "GET / HTTP/1.1" 304 - "http://localhost:5000/login" "Mozilla/5.0 (Macintosh; Intel Mac OS X 10_14_5) AppleWebKit/537.36 (KHTML, like Gecko) Chrome/75.0.3770.142 Safari/537.36"
::1 - - [09/Aug/2019:19:53:21 +0000] "GET /user/teams/available HTTP/1.1" 304 - "http://localhost:5000/" "Mozilla/5.0 (Macintosh; Intel Mac OS X 10_14_5) AppleWebKit/537.36 (KHTML, like Gecko) Chrome/75.0.3770.142 Safari/537.36"
::1 - - [09/Aug/2019:19:53:23 +0000] "GET /user/teams/request/1 HTTP/1.1" 200 33874 "http://localhost:5000/user/teams/available" "Mozilla/5.0 (Macintosh; Intel Mac OS X 10_14_5) AppleWebKit/537.36 (KHTML, like Gecko) Chrome/75.0.3770.142 Safari/537.36"
::1 - - [09/Aug/2019:19:54:36 +0000] "GET /user/teams/request/1 HTTP/1.1" 302 56 "http://localhost:5000/user/teams/available" "Mozilla/5.0 (Macintosh; Intel Mac OS X 10_14_5) AppleWebKit/537.36 (KHTML, like Gecko) Chrome/75.0.3770.142 Safari/537.36"
::1 - - [09/Aug/2019:19:54:36 +0000] "GET /login HTTP/1.1" 200 3992 "http://localhost:5000/user/teams/available" "Mozilla/5.0 (Macintosh; Intel Mac OS X 10_14_5) AppleWebKit/537.36 (KHTML, like Gecko) Chrome/75.0.3770.142 Safari/537.36"
::1 - - [09/Aug/2019:19:54:38 +0000] "POST /login HTTP/1.1" 302 46 "http://localhost:5000/login" "Mozilla/5.0 (Macintosh; Intel Mac OS X 10_14_5) AppleWebKit/537.36 (KHTML, like Gecko) Chrome/75.0.3770.142 Safari/537.36"
::1 - - [09/Aug/2019:19:54:38 +0000] "GET / HTTP/1.1" 304 - "http://localhost:5000/login" "Mozilla/5.0 (Macintosh; Intel Mac OS X 10_14_5) AppleWebKit/537.36 (KHTML, like Gecko) Chrome/75.0.3770.142 Safari/537.36"
::1 - - [09/Aug/2019:19:54:39 +0000] "GET /user/teams/available HTTP/1.1" 304 - "http://localhost:5000/" "Mozilla/5.0 (Macintosh; Intel Mac OS X 10_14_5) AppleWebKit/537.36 (KHTML, like Gecko) Chrome/75.0.3770.142 Safari/537.36"
::1 - - [09/Aug/2019:19:54:40 +0000] "GET /user/teams/request/1 HTTP/1.1" 200 33874 "http://localhost:5000/user/teams/available" "Mozilla/5.0 (Macintosh; Intel Mac OS X 10_14_5) AppleWebKit/537.36 (KHTML, like Gecko) Chrome/75.0.3770.142 Safari/537.36"
::1 - - [09/Aug/2019:19:55:35 +0000] "GET /user/teams/request/1 HTTP/1.1" 302 56 "http://localhost:5000/user/teams/available" "Mozilla/5.0 (Macintosh; Intel Mac OS X 10_14_5) AppleWebKit/537.36 (KHTML, like Gecko) Chrome/75.0.3770.142 Safari/537.36"
::1 - - [09/Aug/2019:19:55:35 +0000] "GET /login HTTP/1.1" 200 3992 "http://localhost:5000/user/teams/available" "Mozilla/5.0 (Macintosh; Intel Mac OS X 10_14_5) AppleWebKit/537.36 (KHTML, like Gecko) Chrome/75.0.3770.142 Safari/537.36"
::1 - - [09/Aug/2019:19:55:37 +0000] "POST /login HTTP/1.1" 302 46 "http://localhost:5000/login" "Mozilla/5.0 (Macintosh; Intel Mac OS X 10_14_5) AppleWebKit/537.36 (KHTML, like Gecko) Chrome/75.0.3770.142 Safari/537.36"
::1 - - [09/Aug/2019:19:55:37 +0000] "GET / HTTP/1.1" 304 - "http://localhost:5000/login" "Mozilla/5.0 (Macintosh; Intel Mac OS X 10_14_5) AppleWebKit/537.36 (KHTML, like Gecko) Chrome/75.0.3770.142 Safari/537.36"
::1 - - [09/Aug/2019:19:55:37 +0000] "GET /user/teams/available HTTP/1.1" 304 - "http://localhost:5000/" "Mozilla/5.0 (Macintosh; Intel Mac OS X 10_14_5) AppleWebKit/537.36 (KHTML, like Gecko) Chrome/75.0.3770.142 Safari/537.36"
::1 - - [09/Aug/2019:19:55:38 +0000] "GET /user/teams/request/1 HTTP/1.1" 200 33874 "http://localhost:5000/user/teams/available" "Mozilla/5.0 (Macintosh; Intel Mac OS X 10_14_5) AppleWebKit/537.36 (KHTML, like Gecko) Chrome/75.0.3770.142 Safari/537.36"
::1 - - [09/Aug/2019:19:56:42 +0000] "GET /user/teams/request/1 HTTP/1.1" 302 56 "http://localhost:5000/user/teams/available" "Mozilla/5.0 (Macintosh; Intel Mac OS X 10_14_5) AppleWebKit/537.36 (KHTML, like Gecko) Chrome/75.0.3770.142 Safari/537.36"
::1 - - [09/Aug/2019:19:56:42 +0000] "GET /login HTTP/1.1" 200 3992 "http://localhost:5000/user/teams/available" "Mozilla/5.0 (Macintosh; Intel Mac OS X 10_14_5) AppleWebKit/537.36 (KHTML, like Gecko) Chrome/75.0.3770.142 Safari/537.36"
::1 - - [09/Aug/2019:19:56:43 +0000] "POST /login HTTP/1.1" 302 46 "http://localhost:5000/login" "Mozilla/5.0 (Macintosh; Intel Mac OS X 10_14_5) AppleWebKit/537.36 (KHTML, like Gecko) Chrome/75.0.3770.142 Safari/537.36"
::1 - - [09/Aug/2019:19:56:43 +0000] "GET / HTTP/1.1" 304 - "http://localhost:5000/login" "Mozilla/5.0 (Macintosh; Intel Mac OS X 10_14_5) AppleWebKit/537.36 (KHTML, like Gecko) Chrome/75.0.3770.142 Safari/537.36"
::1 - - [09/Aug/2019:19:56:44 +0000] "GET /user/teams/available HTTP/1.1" 304 - "http://localhost:5000/" "Mozilla/5.0 (Macintosh; Intel Mac OS X 10_14_5) AppleWebKit/537.36 (KHTML, like Gecko) Chrome/75.0.3770.142 Safari/537.36"
::1 - - [09/Aug/2019:19:56:45 +0000] "GET /user/teams/request/1 HTTP/1.1" 500 1856 "http://localhost:5000/user/teams/available" "Mozilla/5.0 (Macintosh; Intel Mac OS X 10_14_5) AppleWebKit/537.36 (KHTML, like Gecko) Chrome/75.0.3770.142 Safari/537.36"
::1 - - [09/Aug/2019:19:57:13 +0000] "GET /user/teams/request/1 HTTP/1.1" 302 56 "http://localhost:5000/user/teams/available" "Mozilla/5.0 (Macintosh; Intel Mac OS X 10_14_5) AppleWebKit/537.36 (KHTML, like Gecko) Chrome/75.0.3770.142 Safari/537.36"
::1 - - [09/Aug/2019:19:57:13 +0000] "GET /login HTTP/1.1" 200 3992 "http://localhost:5000/user/teams/available" "Mozilla/5.0 (Macintosh; Intel Mac OS X 10_14_5) AppleWebKit/537.36 (KHTML, like Gecko) Chrome/75.0.3770.142 Safari/537.36"
::1 - - [09/Aug/2019:19:57:14 +0000] "POST /login HTTP/1.1" 302 46 "http://localhost:5000/login" "Mozilla/5.0 (Macintosh; Intel Mac OS X 10_14_5) AppleWebKit/537.36 (KHTML, like Gecko) Chrome/75.0.3770.142 Safari/537.36"
::1 - - [09/Aug/2019:19:57:14 +0000] "GET / HTTP/1.1" 304 - "http://localhost:5000/login" "Mozilla/5.0 (Macintosh; Intel Mac OS X 10_14_5) AppleWebKit/537.36 (KHTML, like Gecko) Chrome/75.0.3770.142 Safari/537.36"
::1 - - [09/Aug/2019:19:57:16 +0000] "GET /user/teams/available HTTP/1.1" 304 - "http://localhost:5000/" "Mozilla/5.0 (Macintosh; Intel Mac OS X 10_14_5) AppleWebKit/537.36 (KHTML, like Gecko) Chrome/75.0.3770.142 Safari/537.36"
::1 - - [09/Aug/2019:19:57:17 +0000] "GET /user/teams/request/1 HTTP/1.1" 200 33874 "http://localhost:5000/user/teams/available" "Mozilla/5.0 (Macintosh; Intel Mac OS X 10_14_5) AppleWebKit/537.36 (KHTML, like Gecko) Chrome/75.0.3770.142 Safari/537.36"
::1 - - [09/Aug/2019:19:59:02 +0000] "GET /user/teams/request/1 HTTP/1.1" 302 56 "http://localhost:5000/user/teams/available" "Mozilla/5.0 (Macintosh; Intel Mac OS X 10_14_5) AppleWebKit/537.36 (KHTML, like Gecko) Chrome/75.0.3770.142 Safari/537.36"
::1 - - [09/Aug/2019:19:59:02 +0000] "GET /login HTTP/1.1" 200 3992 "http://localhost:5000/user/teams/available" "Mozilla/5.0 (Macintosh; Intel Mac OS X 10_14_5) AppleWebKit/537.36 (KHTML, like Gecko) Chrome/75.0.3770.142 Safari/537.36"
::1 - - [09/Aug/2019:19:59:03 +0000] "POST /login HTTP/1.1" 302 46 "http://localhost:5000/login" "Mozilla/5.0 (Macintosh; Intel Mac OS X 10_14_5) AppleWebKit/537.36 (KHTML, like Gecko) Chrome/75.0.3770.142 Safari/537.36"
::1 - - [09/Aug/2019:19:59:03 +0000] "GET / HTTP/1.1" 304 - "http://localhost:5000/login" "Mozilla/5.0 (Macintosh; Intel Mac OS X 10_14_5) AppleWebKit/537.36 (KHTML, like Gecko) Chrome/75.0.3770.142 Safari/537.36"
::1 - - [09/Aug/2019:19:59:05 +0000] "GET /user/teams/available HTTP/1.1" 304 - "http://localhost:5000/" "Mozilla/5.0 (Macintosh; Intel Mac OS X 10_14_5) AppleWebKit/537.36 (KHTML, like Gecko) Chrome/75.0.3770.142 Safari/537.36"
::1 - - [09/Aug/2019:19:59:06 +0000] "GET /user/teams/request/1 HTTP/1.1" 200 33874 "http://localhost:5000/user/teams/available" "Mozilla/5.0 (Macintosh; Intel Mac OS X 10_14_5) AppleWebKit/537.36 (KHTML, like Gecko) Chrome/75.0.3770.142 Safari/537.36"
::1 - - [09/Aug/2019:20:02:44 +0000] "GET /user/teams/request/1 HTTP/1.1" 302 56 "http://localhost:5000/user/teams/available" "Mozilla/5.0 (Macintosh; Intel Mac OS X 10_14_5) AppleWebKit/537.36 (KHTML, like Gecko) Chrome/75.0.3770.142 Safari/537.36"
::1 - - [09/Aug/2019:20:02:44 +0000] "GET /login HTTP/1.1" 200 3992 "http://localhost:5000/user/teams/available" "Mozilla/5.0 (Macintosh; Intel Mac OS X 10_14_5) AppleWebKit/537.36 (KHTML, like Gecko) Chrome/75.0.3770.142 Safari/537.36"
::1 - - [09/Aug/2019:20:02:45 +0000] "POST /login HTTP/1.1" 302 46 "http://localhost:5000/login" "Mozilla/5.0 (Macintosh; Intel Mac OS X 10_14_5) AppleWebKit/537.36 (KHTML, like Gecko) Chrome/75.0.3770.142 Safari/537.36"
::1 - - [09/Aug/2019:20:02:45 +0000] "GET / HTTP/1.1" 304 - "http://localhost:5000/login" "Mozilla/5.0 (Macintosh; Intel Mac OS X 10_14_5) AppleWebKit/537.36 (KHTML, like Gecko) Chrome/75.0.3770.142 Safari/537.36"
::1 - - [09/Aug/2019:20:02:47 +0000] "GET /user/teams/available HTTP/1.1" 304 - "http://localhost:5000/" "Mozilla/5.0 (Macintosh; Intel Mac OS X 10_14_5) AppleWebKit/537.36 (KHTML, like Gecko) Chrome/75.0.3770.142 Safari/537.36"
::1 - - [09/Aug/2019:20:02:48 +0000] "GET /user/teams/request/1 HTTP/1.1" 500 1829 "http://localhost:5000/user/teams/available" "Mozilla/5.0 (Macintosh; Intel Mac OS X 10_14_5) AppleWebKit/537.36 (KHTML, like Gecko) Chrome/75.0.3770.142 Safari/537.36"
::1 - - [09/Aug/2019:20:03:09 +0000] "GET /user/teams/request/1 HTTP/1.1" 302 56 "http://localhost:5000/user/teams/available" "Mozilla/5.0 (Macintosh; Intel Mac OS X 10_14_5) AppleWebKit/537.36 (KHTML, like Gecko) Chrome/75.0.3770.142 Safari/537.36"
::1 - - [09/Aug/2019:20:03:09 +0000] "GET /login HTTP/1.1" 200 3992 "http://localhost:5000/user/teams/available" "Mozilla/5.0 (Macintosh; Intel Mac OS X 10_14_5) AppleWebKit/537.36 (KHTML, like Gecko) Chrome/75.0.3770.142 Safari/537.36"
::1 - - [09/Aug/2019:20:03:09 +0000] "POST /login HTTP/1.1" 302 46 "http://localhost:5000/login" "Mozilla/5.0 (Macintosh; Intel Mac OS X 10_14_5) AppleWebKit/537.36 (KHTML, like Gecko) Chrome/75.0.3770.142 Safari/537.36"
::1 - - [09/Aug/2019:20:03:09 +0000] "GET / HTTP/1.1" 304 - "http://localhost:5000/login" "Mozilla/5.0 (Macintosh; Intel Mac OS X 10_14_5) AppleWebKit/537.36 (KHTML, like Gecko) Chrome/75.0.3770.142 Safari/537.36"
::1 - - [09/Aug/2019:20:03:11 +0000] "GET /user/teams/available HTTP/1.1" 304 - "http://localhost:5000/" "Mozilla/5.0 (Macintosh; Intel Mac OS X 10_14_5) AppleWebKit/537.36 (KHTML, like Gecko) Chrome/75.0.3770.142 Safari/537.36"
::1 - - [09/Aug/2019:20:03:12 +0000] "GET /user/teams/request/1 HTTP/1.1" 500 2339 "http://localhost:5000/user/teams/available" "Mozilla/5.0 (Macintosh; Intel Mac OS X 10_14_5) AppleWebKit/537.36 (KHTML, like Gecko) Chrome/75.0.3770.142 Safari/537.36"
::1 - - [09/Aug/2019:20:04:47 +0000] "GET /user/teams/request/1 HTTP/1.1" 302 56 "http://localhost:5000/user/teams/available" "Mozilla/5.0 (Macintosh; Intel Mac OS X 10_14_5) AppleWebKit/537.36 (KHTML, like Gecko) Chrome/75.0.3770.142 Safari/537.36"
::1 - - [09/Aug/2019:20:04:47 +0000] "GET /login HTTP/1.1" 200 3992 "http://localhost:5000/user/teams/available" "Mozilla/5.0 (Macintosh; Intel Mac OS X 10_14_5) AppleWebKit/537.36 (KHTML, like Gecko) Chrome/75.0.3770.142 Safari/537.36"
::1 - - [09/Aug/2019:20:04:48 +0000] "POST /login HTTP/1.1" 302 46 "http://localhost:5000/login" "Mozilla/5.0 (Macintosh; Intel Mac OS X 10_14_5) AppleWebKit/537.36 (KHTML, like Gecko) Chrome/75.0.3770.142 Safari/537.36"
::1 - - [09/Aug/2019:20:04:48 +0000] "GET / HTTP/1.1" 304 - "http://localhost:5000/login" "Mozilla/5.0 (Macintosh; Intel Mac OS X 10_14_5) AppleWebKit/537.36 (KHTML, like Gecko) Chrome/75.0.3770.142 Safari/537.36"
::1 - - [09/Aug/2019:20:04:50 +0000] "GET /user/teams/available HTTP/1.1" 304 - "http://localhost:5000/" "Mozilla/5.0 (Macintosh; Intel Mac OS X 10_14_5) AppleWebKit/537.36 (KHTML, like Gecko) Chrome/75.0.3770.142 Safari/537.36"
::1 - - [09/Aug/2019:20:04:51 +0000] "GET /user/teams/request/1 HTTP/1.1" 200 33874 "http://localhost:5000/user/teams/available" "Mozilla/5.0 (Macintosh; Intel Mac OS X 10_14_5) AppleWebKit/537.36 (KHTML, like Gecko) Chrome/75.0.3770.142 Safari/537.36"
::1 - - [09/Aug/2019:20:12:42 +0000] "GET /user/teams/request/1 HTTP/1.1" 302 56 "http://localhost:5000/user/teams/available" "Mozilla/5.0 (Macintosh; Intel Mac OS X 10_14_5) AppleWebKit/537.36 (KHTML, like Gecko) Chrome/75.0.3770.142 Safari/537.36"
::1 - - [09/Aug/2019:20:12:42 +0000] "GET /login HTTP/1.1" 200 3992 "http://localhost:5000/user/teams/available" "Mozilla/5.0 (Macintosh; Intel Mac OS X 10_14_5) AppleWebKit/537.36 (KHTML, like Gecko) Chrome/75.0.3770.142 Safari/537.36"
::1 - - [09/Aug/2019:20:12:43 +0000] "POST /login HTTP/1.1" 302 46 "http://localhost:5000/login" "Mozilla/5.0 (Macintosh; Intel Mac OS X 10_14_5) AppleWebKit/537.36 (KHTML, like Gecko) Chrome/75.0.3770.142 Safari/537.36"
::1 - - [09/Aug/2019:20:12:43 +0000] "GET / HTTP/1.1" 304 - "http://localhost:5000/login" "Mozilla/5.0 (Macintosh; Intel Mac OS X 10_14_5) AppleWebKit/537.36 (KHTML, like Gecko) Chrome/75.0.3770.142 Safari/537.36"
::1 - - [09/Aug/2019:20:12:44 +0000] "GET /user/teams/available HTTP/1.1" 500 2256 "http://localhost:5000/" "Mozilla/5.0 (Macintosh; Intel Mac OS X 10_14_5) AppleWebKit/537.36 (KHTML, like Gecko) Chrome/75.0.3770.142 Safari/537.36"
::1 - - [09/Aug/2019:20:13:27 +0000] "GET /user/teams/available HTTP/1.1" 302 56 "http://localhost:5000/" "Mozilla/5.0 (Macintosh; Intel Mac OS X 10_14_5) AppleWebKit/537.36 (KHTML, like Gecko) Chrome/75.0.3770.142 Safari/537.36"
::1 - - [09/Aug/2019:20:13:27 +0000] "GET /login HTTP/1.1" 200 3992 "http://localhost:5000/" "Mozilla/5.0 (Macintosh; Intel Mac OS X 10_14_5) AppleWebKit/537.36 (KHTML, like Gecko) Chrome/75.0.3770.142 Safari/537.36"
::1 - - [09/Aug/2019:20:13:28 +0000] "POST /login HTTP/1.1" 302 46 "http://localhost:5000/login" "Mozilla/5.0 (Macintosh; Intel Mac OS X 10_14_5) AppleWebKit/537.36 (KHTML, like Gecko) Chrome/75.0.3770.142 Safari/537.36"
::1 - - [09/Aug/2019:20:13:28 +0000] "GET / HTTP/1.1" 304 - "http://localhost:5000/login" "Mozilla/5.0 (Macintosh; Intel Mac OS X 10_14_5) AppleWebKit/537.36 (KHTML, like Gecko) Chrome/75.0.3770.142 Safari/537.36"
::1 - - [09/Aug/2019:20:13:29 +0000] "GET /user/teams/available HTTP/1.1" 200 33885 "http://localhost:5000/" "Mozilla/5.0 (Macintosh; Intel Mac OS X 10_14_5) AppleWebKit/537.36 (KHTML, like Gecko) Chrome/75.0.3770.142 Safari/537.36"
::1 - - [09/Aug/2019:20:13:31 +0000] "GET /user/teams/request/1 HTTP/1.1" 200 34020 "http://localhost:5000/user/teams/available" "Mozilla/5.0 (Macintosh; Intel Mac OS X 10_14_5) AppleWebKit/537.36 (KHTML, like Gecko) Chrome/75.0.3770.142 Safari/537.36"
::1 - - [09/Aug/2019:20:13:46 +0000] "GET /user/teams/request/1 HTTP/1.1" 200 34023 "http://localhost:5000/user/teams/available" "Mozilla/5.0 (Macintosh; Intel Mac OS X 10_14_5) AppleWebKit/537.36 (KHTML, like Gecko) Chrome/75.0.3770.142 Safari/537.36"
::1 - - [09/Aug/2019:20:14:43 +0000] "GET /user/teams/request/1 HTTP/1.1" 302 56 "http://localhost:5000/user/teams/available" "Mozilla/5.0 (Macintosh; Intel Mac OS X 10_14_5) AppleWebKit/537.36 (KHTML, like Gecko) Chrome/75.0.3770.142 Safari/537.36"
::1 - - [09/Aug/2019:20:14:43 +0000] "GET /login HTTP/1.1" 200 3992 "http://localhost:5000/user/teams/available" "Mozilla/5.0 (Macintosh; Intel Mac OS X 10_14_5) AppleWebKit/537.36 (KHTML, like Gecko) Chrome/75.0.3770.142 Safari/537.36"
::1 - - [09/Aug/2019:20:14:43 +0000] "GET /favicon.ico HTTP/1.1" 404 150 "http://localhost:5000/login" "Mozilla/5.0 (Macintosh; Intel Mac OS X 10_14_5) AppleWebKit/537.36 (KHTML, like Gecko) Chrome/75.0.3770.142 Safari/537.36"
::1 - - [09/Aug/2019:20:14:49 +0000] "POST /login HTTP/1.1" 302 46 "http://localhost:5000/login" "Mozilla/5.0 (Macintosh; Intel Mac OS X 10_14_5) AppleWebKit/537.36 (KHTML, like Gecko) Chrome/75.0.3770.142 Safari/537.36"
::1 - - [09/Aug/2019:20:14:49 +0000] "GET / HTTP/1.1" 304 - "http://localhost:5000/login" "Mozilla/5.0 (Macintosh; Intel Mac OS X 10_14_5) AppleWebKit/537.36 (KHTML, like Gecko) Chrome/75.0.3770.142 Safari/537.36"
::1 - - [09/Aug/2019:20:14:51 +0000] "GET /user/teams/available HTTP/1.1" 304 - "http://localhost:5000/" "Mozilla/5.0 (Macintosh; Intel Mac OS X 10_14_5) AppleWebKit/537.36 (KHTML, like Gecko) Chrome/75.0.3770.142 Safari/537.36"
::1 - - [09/Aug/2019:20:14:52 +0000] "GET /user/teams/request/1 HTTP/1.1" 200 34138 "http://localhost:5000/user/teams/available" "Mozilla/5.0 (Macintosh; Intel Mac OS X 10_14_5) AppleWebKit/537.36 (KHTML, like Gecko) Chrome/75.0.3770.142 Safari/537.36"
::1 - - [09/Aug/2019:20:15:19 +0000] "GET /user/teams/request/1 HTTP/1.1" 200 34150 "http://localhost:5000/user/teams/available" "Mozilla/5.0 (Macintosh; Intel Mac OS X 10_14_5) AppleWebKit/537.36 (KHTML, like Gecko) Chrome/75.0.3770.142 Safari/537.36"
::1 - - [09/Aug/2019:20:15:25 +0000] "GET /logout HTTP/1.1" 302 46 "http://localhost:5000/user/teams/request/1" "Mozilla/5.0 (Macintosh; Intel Mac OS X 10_14_5) AppleWebKit/537.36 (KHTML, like Gecko) Chrome/75.0.3770.142 Safari/537.36"
::1 - - [09/Aug/2019:20:15:25 +0000] "GET / HTTP/1.1" 200 6329 "http://localhost:5000/user/teams/request/1" "Mozilla/5.0 (Macintosh; Intel Mac OS X 10_14_5) AppleWebKit/537.36 (KHTML, like Gecko) Chrome/75.0.3770.142 Safari/537.36"
::1 - - [09/Aug/2019:20:15:29 +0000] "GET /login HTTP/1.1" 200 3992 "http://localhost:5000/" "Mozilla/5.0 (Macintosh; Intel Mac OS X 10_14_5) AppleWebKit/537.36 (KHTML, like Gecko) Chrome/75.0.3770.142 Safari/537.36"
::1 - - [09/Aug/2019:20:15:30 +0000] "POST /login HTTP/1.1" 302 46 "http://localhost:5000/login" "Mozilla/5.0 (Macintosh; Intel Mac OS X 10_14_5) AppleWebKit/537.36 (KHTML, like Gecko) Chrome/75.0.3770.142 Safari/537.36"
::1 - - [09/Aug/2019:20:15:31 +0000] "GET / HTTP/1.1" 200 6500 "http://localhost:5000/login" "Mozilla/5.0 (Macintosh; Intel Mac OS X 10_14_5) AppleWebKit/537.36 (KHTML, like Gecko) Chrome/75.0.3770.142 Safari/537.36"
::1 - - [09/Aug/2019:20:15:36 +0000] "GET /user/teams/available HTTP/1.1" 304 - "http://localhost:5000/" "Mozilla/5.0 (Macintosh; Intel Mac OS X 10_14_5) AppleWebKit/537.36 (KHTML, like Gecko) Chrome/75.0.3770.142 Safari/537.36"
::1 - - [09/Aug/2019:20:15:42 +0000] "GET /user/teams/request/1 HTTP/1.1" 304 - "http://localhost:5000/user/teams/available" "Mozilla/5.0 (Macintosh; Intel Mac OS X 10_14_5) AppleWebKit/537.36 (KHTML, like Gecko) Chrome/75.0.3770.142 Safari/537.36"
::1 - - [09/Aug/2019:20:15:47 +0000] "GET /logout HTTP/1.1" 302 46 "http://localhost:5000/user/teams/request/1" "Mozilla/5.0 (Macintosh; Intel Mac OS X 10_14_5) AppleWebKit/537.36 (KHTML, like Gecko) Chrome/75.0.3770.142 Safari/537.36"
::1 - - [09/Aug/2019:20:15:47 +0000] "GET / HTTP/1.1" 200 6329 "http://localhost:5000/user/teams/request/1" "Mozilla/5.0 (Macintosh; Intel Mac OS X 10_14_5) AppleWebKit/537.36 (KHTML, like Gecko) Chrome/75.0.3770.142 Safari/537.36"
::1 - - [09/Aug/2019:20:15:49 +0000] "GET /signup HTTP/1.1" 200 4465 "http://localhost:5000/" "Mozilla/5.0 (Macintosh; Intel Mac OS X 10_14_5) AppleWebKit/537.36 (KHTML, like Gecko) Chrome/75.0.3770.142 Safari/537.36"
::1 - - [09/Aug/2019:20:15:50 +0000] "GET /login HTTP/1.1" 200 3992 "http://localhost:5000/signup" "Mozilla/5.0 (Macintosh; Intel Mac OS X 10_14_5) AppleWebKit/537.36 (KHTML, like Gecko) Chrome/75.0.3770.142 Safari/537.36"
::1 - - [09/Aug/2019:20:15:54 +0000] "POST /login HTTP/1.1" 302 46 "http://localhost:5000/login" "Mozilla/5.0 (Macintosh; Intel Mac OS X 10_14_5) AppleWebKit/537.36 (KHTML, like Gecko) Chrome/75.0.3770.142 Safari/537.36"
::1 - - [09/Aug/2019:20:15:54 +0000] "GET / HTTP/1.1" 200 6903 "http://localhost:5000/login" "Mozilla/5.0 (Macintosh; Intel Mac OS X 10_14_5) AppleWebKit/537.36 (KHTML, like Gecko) Chrome/75.0.3770.142 Safari/537.36"
